TN:
SF:node_modules/.pnpm/@esm-bundle+chai@4.3.4-fix.0/node_modules/@esm-bundle/chai/input.js
FNF:0
FNH:0
DA:1,4
DA:2,4
DA:3,4
DA:4,4
DA:5,4
DA:6,4
DA:7,4
DA:8,4
DA:9,4
DA:10,4
DA:11,4
DA:12,4
DA:13,4
DA:14,4
LF:14
LH:14
BRF:0
BRH:0
end_of_record
TN:
SF:node_modules/.pnpm/@esm-bundle+chai@4.3.4-fix.0/node_modules/@esm-bundle/chai/node_modules/.pnpm/chai@4.3.4/node_modules/chai/chai.js
FN:1,t
FN:1,e
FN:1,i
FN:1,n.exports.1../lib/chai
FN:4,n.exports.2../chai/assertion
FN:41,n.use
FN:98,n.exports.3../config
FN:108,t.exports
FN:160,i
FN:170,get
FN:174,set
FN:181,get
FN:185,set
FN:191,i.addProperty
FN:195,i.addMethod
FN:199,i.addChainableMethod
FN:203,i.overwriteProperty
FN:207,i.overwriteMethod
FN:211,i.overwriteChainableMethod
FN:230,i.assert
FN:266,get
FN:269,set
FN:275,n.exports.4
FN:371,n.exports.5
FN:379,t.exports
FN:672,i
FN:835,s
FN:839,a
FN:843,c
FN:1206,u
FN:1342,f
FN:1400,p
FN:1465,l
FN:1523,h
FN:1628,d
FN:1732,y
FN:1837,b
FN:2038,g
FN:2187,w
FN:2276,m
FN:2403,v
FN:2491,x
FN:2495,O
FN:2554,j
FN:2710,M
FN:3004,P
FN:3199,N
FN:3279,E
FN:3333,S
FN:3361,k
FN:3532,A
FN:3667,D
FN:3784,T
FN:3903,q
FN:4009,C
FN:4226,n.exports.6
FN:4233,t.exports
FN:4260,e.assert
FN:4291,r.fail
FN:4323,r.isOk
FN:4343,r.isNotOk
FN:4362,r.equal
FN:4390,r.notEqual
FN:4418,r.strictEqual
FN:4437,r.notStrictEqual
FN:4457,r.deepEqual.r.deepStrictEqual
FN:4476,r.notDeepEqual
FN:4495,r.isAbove
FN:4515,r.isAtLeast
FN:4534,r.isBelow
FN:4554,r.isAtMost
FN:4573,r.isTrue
FN:4592,r.isNotTrue
FN:4611,r.isFalse
FN:4630,r.isNotFalse
FN:4648,r.isNull
FN:4667,r.isNotNull
FN:4685,r.isNaN
FN:4702,r.isNotNaN
FN:4722,r.exists
FN:4744,r.notExists
FN:4763,r.isUndefined
FN:4782,r.isDefined
FN:4801,r.isFunction
FN:4820,r.isNotFunction
FN:4840,r.isObject
FN:4860,r.isNotObject
FN:4879,r.isArray
FN:4898,r.isNotArray
FN:4917,r.isString
FN:4936,r.isNotString
FN:4955,r.isNumber
FN:4974,r.isNotNumber
FN:4995,r.isFinite
FN:5017,r.isBoolean
FN:5039,r.isNotBoolean
FN:5064,r.typeOf
FN:5084,r.notTypeOf
FN:5106,r.instanceOf
FN:5128,r.notInstanceOf
FN:5164,r.include
FN:5200,r.notInclude
FN:5225,r.deepInclude
FN:5250,r.notDeepInclude
FN:5275,r.nestedInclude
FN:5300,r.notNestedInclude
FN:5326,r.deepNestedInclude
FN:5352,r.notDeepNestedInclude
FN:5374,r.ownInclude
FN:5397,r.notOwnInclude
FN:5418,r.deepOwnInclude
FN:5440,r.notDeepOwnInclude
FN:5460,r.match
FN:5479,r.notMatch
FN:5500,r.property
FN:5520,r.notProperty
FN:5543,r.propertyVal
FN:5567,r.notPropertyVal
FN:5589,r.deepPropertyVal
FN:5613,r.notDeepPropertyVal
FN:5633,r.ownProperty
FN:5654,r.notOwnProperty
FN:5676,r.ownPropertyVal
FN:5699,r.notOwnPropertyVal
FN:5721,r.deepOwnPropertyVal
FN:5746,r.notDeepOwnPropertyVal
FN:5768,r.nestedProperty
FN:5790,r.notNestedProperty
FN:5813,r.nestedPropertyVal
FN:5837,r.notNestedPropertyVal
FN:5860,r.deepNestedPropertyVal
FN:5885,r.notDeepNestedPropertyVal
FN:5908,r.lengthOf
FN:5932,r.hasAnyKeys
FN:5956,r.hasAllKeys
FN:5984,r.containsAllKeys
FN:6009,r.doesNotHaveAnyKeys
FN:6034,r.doesNotHaveAllKeys
FN:6063,r.hasAnyDeepKeys
FN:6090,r.hasAllDeepKeys
FN:6117,r.containsAllDeepKeys
FN:6144,r.doesNotHaveAnyDeepKeys
FN:6171,r.doesNotHaveAllDeepKeys
FN:6207,r.throws
FN:6247,r.doesNotThrow
FN:6274,r.operator
FN:6332,r.closeTo
FN:6352,r.approximately
FN:6373,r.sameMembers
FN:6394,r.notSameMembers
FN:6415,r.sameDeepMembers
FN:6436,r.notSameDeepMembers
FN:6457,r.sameOrderedMembers
FN:6478,r.notSameOrderedMembers
FN:6499,r.sameDeepOrderedMembers
FN:6521,r.notSameDeepOrderedMembers
FN:6542,r.includeMembers
FN:6563,r.notIncludeMembers
FN:6584,r.includeDeepMembers
FN:6605,r.notIncludeDeepMembers
FN:6627,r.includeOrderedMembers
FN:6650,r.notIncludeOrderedMembers
FN:6672,r.includeDeepOrderedMembers
FN:6696,r.notIncludeDeepOrderedMembers
FN:6716,r.oneOf
FN:6738,r.changes
FN:6766,r.changesBy
FN:6798,r.doesNotChange
FN:6827,r.changesButNotBy
FN:6859,r.increases
FN:6888,r.increasesBy
FN:6920,r.doesNotIncrease
FN:6949,r.increasesButNotBy
FN:6981,r.decreases
FN:7010,r.decreasesBy
FN:7042,r.doesNotDecrease
FN:7071,r.doesNotDecreaseBy
FN:7104,r.decreasesButNotBy
FN:7134,r.ifError
FN:7155,r.isExtensible
FN:7180,r.isNotExtensible
FN:7204,r.isSealed
FN:7223,r.isNotSealed
FN:7244,r.isFrozen
FN:7263,r.isNotFrozen
FN:7289,r.isEmpty
FN:7315,r.isNotEmpty
FN:7323,e
FN:7341,n.exports.7
FN:7348,t.exports
FN:7349,e.expect
FN:7375,e.expect.fail
FN:7390,n.exports.8
FN:7397,t.exports
FN:7400,o
FN:7611,n.exports.9.../../chai
FN:7637,u
FN:7684,t.exports
FN:7686,u
FN:7701,get
FN:7765,n.exports.10
FN:7808,t.exports
FN:7812,get
FN:7827,n.exports.11.../../chai
FN:7866,t.exports
FN:7867,c
FN:7897,n.exports.12.../../chai
FN:7935,t.exports
FN:7936,n
FN:7939,e
FN:7971,n.exports.13../inspect
FN:8000,t.exports
FN:8004,n.exports.14../flag
FN:8029,t.exports
FN:8057,n.exports.15
FN:8083,t.exports
FN:8092,n.exports.16
FN:8110,t.exports
FN:8114,n.exports.17
FN:8134,t.exports
FN:8142,n.exports.18../flag
FN:8176,t.exports
FN:8194,n.exports.19../flag
FN:8199,i
FN:8222,t.exports
FN:8251,n.exports.20../getOwnEnumerablePropertySymbols
FN:8278,t.exports
FN:8282,n.exports.21
FN:8303,t.exports
FN:8311,n.exports.22
FN:8331,t.exports
FN:8349,n.exports.23../addChainableMethod
FN:8528,n.exports.24.../config
FN:8554,a
FN:8564,c
FN:8576,u
FN:8727,f
FN:8759,p
FN:8763,l
FN:8783,h
FN:8803,d
FN:8865,y
FN:8882,b
FN:8888,g
FN:8893,w
FN:8897,m
FN:8901,v
FN:8905,x
FN:8909,n.exports.25
FN:8928,o
FN:8937,n.exports.26.../config
FN:8957,t.exports
FN:8963,n.exports.27.../config
FN:8990,t.exports
FN:9015,n.exports.28.../../chai
FN:9058,t.exports
FN:9086,n.exports.29.../../chai
FN:9133,t.exports
FN:9180,n.exports.30.../../chai
FN:9226,t.exports
FN:9274,n.exports.31.../config
FN:9387,c
FN:9307,t.exports
FN:9311,e
FN:9423,n.exports.32../flag
FN:9447,t.exports
FN:9453,n.exports.33
FN:9483,t.exports
FN:9500,n.exports.34
FN:9516,o
FN:9555,r
FN:9606,r.toJSON
FN:9618,n.exports.35
FN:9649,o
FN:9669,r
FN:9695,i
FN:9719,a
FN:9745,c
FN:9773,u
FN:9792,n.exports.36.type-detect
FN:9802,r
FN:9807,get
FN:9810,set
FN:9829,s
FN:9852,a
FN:9886,c
FN:9907,u
FN:9943,f
FN:9989,p
FN:10041,l
FN:10054,h
FN:10082,d
FN:10108,y
FN:10118,b
FN:10132,g
FN:10149,w
FN:10165,m
FN:10183,v
FN:10206,x
FN:10245,O
FN:10249,n.exports.37
FN:10273,i
FN:10295,n.exports.38
FN:10342,o
FN:10370,r
FN:10409,i
FN:10446,s
FN:10500,a
FN:10547,c
FN:10585,u
FN:10598,n.exports.39
FN:10643,x
FNF:312
FNH:69
FNDA:0,t
FNDA:4,e
FNDA:348,i
FNDA:4,n.exports.1../lib/chai
FNDA:4,n.exports.2../chai/assertion
FNDA:20,n.use
FNDA:4,n.exports.3../config
FNDA:4,t.exports
FNDA:26,i
FNDA:0,get
FNDA:0,set
FNDA:0,get
FNDA:0,set
FNDA:160,i.addProperty
FNDA:192,i.addMethod
FNDA:32,i.addChainableMethod
FNDA:0,i.overwriteProperty
FNDA:0,i.overwriteMethod
FNDA:0,i.overwriteChainableMethod
FNDA:8,i.assert
FNDA:6,get
FNDA:0,set
FNDA:4,n.exports.4
FNDA:4,n.exports.5
FNDA:4,t.exports
FNDA:0,i
FNDA:0,s
FNDA:0,a
FNDA:0,c
FNDA:0,u
FNDA:0,f
FNDA:6,p
FNDA:0,l
FNDA:0,h
FNDA:0,d
FNDA:0,y
FNDA:0,b
FNDA:0,g
FNDA:0,w
FNDA:0,m
FNDA:0,v
FNDA:0,x
FNDA:0,O
FNDA:0,j
FNDA:0,M
FNDA:0,P
FNDA:0,N
FNDA:0,E
FNDA:0,S
FNDA:0,k
FNDA:0,A
FNDA:0,D
FNDA:0,T
FNDA:0,q
FNDA:0,C
FNDA:4,n.exports.6
FNDA:4,t.exports
FNDA:0,e.assert
FNDA:0,r.fail
FNDA:0,r.isOk
FNDA:0,r.isNotOk
FNDA:0,r.equal
FNDA:0,r.notEqual
FNDA:0,r.strictEqual
FNDA:0,r.notStrictEqual
FNDA:0,r.deepEqual.r.deepStrictEqual
FNDA:0,r.notDeepEqual
FNDA:0,r.isAbove
FNDA:0,r.isAtLeast
FNDA:0,r.isBelow
FNDA:0,r.isAtMost
FNDA:0,r.isTrue
FNDA:0,r.isNotTrue
FNDA:0,r.isFalse
FNDA:0,r.isNotFalse
FNDA:0,r.isNull
FNDA:0,r.isNotNull
FNDA:0,r.isNaN
FNDA:0,r.isNotNaN
FNDA:0,r.exists
FNDA:0,r.notExists
FNDA:0,r.isUndefined
FNDA:0,r.isDefined
FNDA:0,r.isFunction
FNDA:0,r.isNotFunction
FNDA:0,r.isObject
FNDA:0,r.isNotObject
FNDA:0,r.isArray
FNDA:0,r.isNotArray
FNDA:0,r.isString
FNDA:0,r.isNotString
FNDA:0,r.isNumber
FNDA:0,r.isNotNumber
FNDA:0,r.isFinite
FNDA:0,r.isBoolean
FNDA:0,r.isNotBoolean
FNDA:0,r.typeOf
FNDA:0,r.notTypeOf
FNDA:0,r.instanceOf
FNDA:0,r.notInstanceOf
FNDA:0,r.include
FNDA:0,r.notInclude
FNDA:0,r.deepInclude
FNDA:0,r.notDeepInclude
FNDA:0,r.nestedInclude
FNDA:0,r.notNestedInclude
FNDA:0,r.deepNestedInclude
FNDA:0,r.notDeepNestedInclude
FNDA:0,r.ownInclude
FNDA:0,r.notOwnInclude
FNDA:0,r.deepOwnInclude
FNDA:0,r.notDeepOwnInclude
FNDA:0,r.match
FNDA:0,r.notMatch
FNDA:0,r.property
FNDA:0,r.notProperty
FNDA:0,r.propertyVal
FNDA:0,r.notPropertyVal
FNDA:0,r.deepPropertyVal
FNDA:0,r.notDeepPropertyVal
FNDA:0,r.ownProperty
FNDA:0,r.notOwnProperty
FNDA:0,r.ownPropertyVal
FNDA:0,r.notOwnPropertyVal
FNDA:0,r.deepOwnPropertyVal
FNDA:0,r.notDeepOwnPropertyVal
FNDA:0,r.nestedProperty
FNDA:0,r.notNestedProperty
FNDA:0,r.nestedPropertyVal
FNDA:0,r.notNestedPropertyVal
FNDA:0,r.deepNestedPropertyVal
FNDA:0,r.notDeepNestedPropertyVal
FNDA:0,r.lengthOf
FNDA:0,r.hasAnyKeys
FNDA:0,r.hasAllKeys
FNDA:0,r.containsAllKeys
FNDA:0,r.doesNotHaveAnyKeys
FNDA:0,r.doesNotHaveAllKeys
FNDA:0,r.hasAnyDeepKeys
FNDA:0,r.hasAllDeepKeys
FNDA:0,r.containsAllDeepKeys
FNDA:0,r.doesNotHaveAnyDeepKeys
FNDA:0,r.doesNotHaveAllDeepKeys
FNDA:0,r.throws
FNDA:0,r.doesNotThrow
FNDA:0,r.operator
FNDA:0,r.closeTo
FNDA:0,r.approximately
FNDA:0,r.sameMembers
FNDA:0,r.notSameMembers
FNDA:0,r.sameDeepMembers
FNDA:0,r.notSameDeepMembers
FNDA:0,r.sameOrderedMembers
FNDA:0,r.notSameOrderedMembers
FNDA:0,r.sameDeepOrderedMembers
FNDA:0,r.notSameDeepOrderedMembers
FNDA:0,r.includeMembers
FNDA:0,r.notIncludeMembers
FNDA:0,r.includeDeepMembers
FNDA:0,r.notIncludeDeepMembers
FNDA:0,r.includeOrderedMembers
FNDA:0,r.notIncludeOrderedMembers
FNDA:0,r.includeDeepOrderedMembers
FNDA:0,r.notIncludeDeepOrderedMembers
FNDA:0,r.oneOf
FNDA:0,r.changes
FNDA:0,r.changesBy
FNDA:0,r.doesNotChange
FNDA:0,r.changesButNotBy
FNDA:0,r.increases
FNDA:0,r.increasesBy
FNDA:0,r.doesNotIncrease
FNDA:0,r.increasesButNotBy
FNDA:0,r.decreases
FNDA:0,r.decreasesBy
FNDA:0,r.doesNotDecrease
FNDA:0,r.doesNotDecreaseBy
FNDA:0,r.decreasesButNotBy
FNDA:0,r.ifError
FNDA:0,r.isExtensible
FNDA:0,r.isNotExtensible
FNDA:0,r.isSealed
FNDA:0,r.isNotSealed
FNDA:0,r.isFrozen
FNDA:0,r.isNotFrozen
FNDA:0,r.isEmpty
FNDA:0,r.isNotEmpty
FNDA:48,e
FNDA:4,n.exports.7
FNDA:4,t.exports
FNDA:8,e.expect
FNDA:0,e.expect.fail
FNDA:4,n.exports.8
FNDA:4,t.exports
FNDA:0,o
FNDA:4,n.exports.9.../../chai
FNDA:0,u
FNDA:32,t.exports
FNDA:0,u
FNDA:0,get
FNDA:4,n.exports.10
FNDA:192,t.exports
FNDA:0,get
FNDA:4,n.exports.11.../../chai
FNDA:192,t.exports
FNDA:6,c
FNDA:4,n.exports.12.../../chai
FNDA:160,t.exports
FNDA:10,n
FNDA:12,e
FNDA:4,n.exports.13../inspect
FNDA:0,t.exports
FNDA:4,n.exports.14../flag
FNDA:0,t.exports
FNDA:4,n.exports.15
FNDA:182,t.exports
FNDA:4,n.exports.16
FNDA:0,t.exports
FNDA:4,n.exports.17
FNDA:0,t.exports
FNDA:4,n.exports.18../flag
FNDA:0,t.exports
FNDA:4,n.exports.19../flag
FNDA:0,i
FNDA:0,t.exports
FNDA:4,n.exports.20../getOwnEnumerablePropertySymbols
FNDA:0,t.exports
FNDA:4,n.exports.21
FNDA:0,t.exports
FNDA:4,n.exports.22
FNDA:0,t.exports
FNDA:4,n.exports.23../addChainableMethod
FNDA:4,n.exports.24.../config
FNDA:0,a
FNDA:0,c
FNDA:0,u
FNDA:0,f
FNDA:0,p
FNDA:0,l
FNDA:0,h
FNDA:0,d
FNDA:0,y
FNDA:0,b
FNDA:0,g
FNDA:0,w
FNDA:0,m
FNDA:0,v
FNDA:0,x
FNDA:4,n.exports.25
FNDA:0,o
FNDA:4,n.exports.26.../config
FNDA:230,t.exports
FNDA:4,n.exports.27.../config
FNDA:0,t.exports
FNDA:4,n.exports.28.../../chai
FNDA:0,t.exports
FNDA:4,n.exports.29.../../chai
FNDA:0,t.exports
FNDA:4,n.exports.30.../../chai
FNDA:0,t.exports
FNDA:4,n.exports.31.../config
FNDA:0,c
FNDA:218,t.exports
FNDA:156,e
FNDA:4,n.exports.32../flag
FNDA:8,t.exports
FNDA:4,n.exports.33
FNDA:18,t.exports
FNDA:4,n.exports.34
FNDA:0,o
FNDA:0,r
FNDA:0,r.toJSON
FNDA:4,n.exports.35
FNDA:0,o
FNDA:0,r
FNDA:0,i
FNDA:0,a
FNDA:0,c
FNDA:0,u
FNDA:4,n.exports.36.type-detect
FNDA:0,r
FNDA:0,get
FNDA:0,set
FNDA:0,s
FNDA:0,a
FNDA:0,c
FNDA:0,u
FNDA:0,f
FNDA:0,p
FNDA:0,l
FNDA:0,h
FNDA:0,d
FNDA:0,y
FNDA:0,b
FNDA:0,g
FNDA:0,w
FNDA:0,m
FNDA:0,v
FNDA:0,x
FNDA:0,O
FNDA:4,n.exports.37
FNDA:0,i
FNDA:4,n.exports.38
FNDA:0,o
FNDA:0,r
FNDA:0,i
FNDA:0,s
FNDA:0,a
FNDA:0,c
FNDA:0,u
FNDA:4,n.exports.39
FNDA:0,x
DA:1,4
DA:2,4
DA:3,4
DA:4,4
DA:5,4
DA:6,4
DA:7,4
DA:8,4
DA:9,4
DA:10,4
DA:11,4
DA:12,4
DA:13,4
DA:14,4
DA:15,4
DA:16,4
DA:17,4
DA:18,4
DA:19,4
DA:20,4
DA:21,4
DA:22,4
DA:23,4
DA:24,4
DA:25,4
DA:26,4
DA:27,4
DA:28,4
DA:29,4
DA:30,4
DA:31,4
DA:32,4
DA:33,4
DA:34,4
DA:35,4
DA:36,4
DA:37,4
DA:38,4
DA:39,4
DA:40,4
DA:41,4
DA:42,20
DA:43,20
DA:44,20
DA:45,20
DA:46,20
DA:47,20
DA:48,4
DA:49,4
DA:50,4
DA:51,4
DA:52,4
DA:53,4
DA:54,4
DA:55,4
DA:56,4
DA:57,4
DA:58,4
DA:59,4
DA:60,4
DA:61,4
DA:62,4
DA:63,4
DA:64,4
DA:65,4
DA:66,4
DA:67,4
DA:68,4
DA:69,4
DA:70,4
DA:71,4
DA:72,4
DA:73,4
DA:74,4
DA:75,4
DA:76,4
DA:77,4
DA:78,4
DA:79,4
DA:80,4
DA:81,4
DA:82,4
DA:83,4
DA:84,4
DA:85,4
DA:86,4
DA:87,4
DA:88,4
DA:89,4
DA:90,4
DA:91,4
DA:92,4
DA:93,4
DA:94,4
DA:95,4
DA:96,4
DA:97,4
DA:98,4
DA:99,4
DA:100,4
DA:101,4
DA:102,4
DA:103,4
DA:104,4
DA:105,4
DA:106,4
DA:107,4
DA:108,4
DA:109,4
DA:110,4
DA:111,4
DA:112,4
DA:113,4
DA:114,4
DA:115,4
DA:116,4
DA:117,4
DA:118,4
DA:119,4
DA:120,4
DA:121,4
DA:122,4
DA:123,4
DA:124,4
DA:125,4
DA:126,4
DA:127,4
DA:128,4
DA:129,4
DA:130,4
DA:131,4
DA:132,4
DA:133,4
DA:134,4
DA:135,4
DA:136,4
DA:137,4
DA:138,4
DA:139,4
DA:140,4
DA:141,4
DA:142,4
DA:143,4
DA:144,4
DA:145,4
DA:146,4
DA:147,4
DA:148,4
DA:149,4
DA:150,4
DA:151,4
DA:152,4
DA:153,4
DA:154,4
DA:155,4
DA:156,4
DA:157,4
DA:158,4
DA:159,4
DA:160,4
DA:161,26
DA:162,26
DA:163,26
DA:164,26
DA:165,26
DA:166,26
DA:167,4
DA:168,4
DA:169,4
DA:170,4
DA:171,0
DA:172,0
DA:173,4
DA:174,4
DA:175,0
DA:176,0
DA:177,4
DA:178,4
DA:179,4
DA:180,4
DA:181,4
DA:182,0
DA:183,0
DA:184,4
DA:185,4
DA:186,0
DA:187,0
DA:188,4
DA:189,4
DA:190,4
DA:191,4
DA:192,160
DA:193,4
DA:194,4
DA:195,4
DA:196,192
DA:197,4
DA:198,4
DA:199,4
DA:200,32
DA:201,4
DA:202,4
DA:203,4
DA:204,0
DA:205,4
DA:206,4
DA:207,4
DA:208,0
DA:209,4
DA:210,4
DA:211,4
DA:212,0
DA:213,4
DA:214,4
DA:215,4
DA:216,4
DA:217,4
DA:218,4
DA:219,4
DA:220,4
DA:221,4
DA:222,4
DA:223,4
DA:224,4
DA:225,4
DA:226,4
DA:227,4
DA:228,4
DA:229,4
DA:230,4
DA:231,8
DA:232,8
DA:233,8
DA:234,8
DA:235,8
DA:236,8
DA:237,0
DA:238,0
DA:239,0
DA:240,0
DA:241,0
DA:242,0
DA:243,0
DA:244,0
DA:245,0
DA:246,0
DA:247,0
DA:248,0
DA:249,0
DA:250,0
DA:251,0
DA:252,0
DA:253,0
DA:254,4
DA:255,4
DA:256,4
DA:257,4
DA:258,4
DA:259,4
DA:260,4
DA:261,4
DA:262,4
DA:263,4
DA:264,4
DA:265,4
DA:266,4
DA:267,6
DA:268,4
DA:269,4
DA:270,0
DA:271,4
DA:272,4
DA:273,4
DA:274,4
DA:275,4
DA:276,4
DA:277,4
DA:278,4
DA:279,4
DA:280,4
DA:281,4
DA:282,4
DA:283,4
DA:284,4
DA:285,4
DA:286,4
DA:287,4
DA:288,4
DA:289,4
DA:290,4
DA:291,4
DA:292,4
DA:293,4
DA:294,4
DA:295,4
DA:296,4
DA:297,4
DA:298,4
DA:299,4
DA:300,4
DA:301,4
DA:302,4
DA:303,4
DA:304,4
DA:305,4
DA:306,4
DA:307,4
DA:308,4
DA:309,4
DA:310,4
DA:311,4
DA:312,4
DA:313,4
DA:314,4
DA:315,4
DA:316,4
DA:317,4
DA:318,4
DA:319,4
DA:320,4
DA:321,4
DA:322,4
DA:323,4
DA:324,4
DA:325,4
DA:326,4
DA:327,4
DA:328,4
DA:329,4
DA:330,4
DA:331,4
DA:332,4
DA:333,4
DA:334,4
DA:335,4
DA:336,4
DA:337,4
DA:338,4
DA:339,4
DA:340,4
DA:341,4
DA:342,4
DA:343,4
DA:344,4
DA:345,4
DA:346,4
DA:347,4
DA:348,4
DA:349,4
DA:350,4
DA:351,4
DA:352,4
DA:353,4
DA:354,4
DA:355,4
DA:356,4
DA:357,4
DA:358,4
DA:359,4
DA:360,4
DA:361,4
DA:362,4
DA:363,4
DA:364,4
DA:365,4
DA:366,4
DA:367,4
DA:368,4
DA:369,4
DA:370,4
DA:371,4
DA:372,4
DA:373,4
DA:374,4
DA:375,4
DA:376,4
DA:377,4
DA:378,4
DA:379,4
DA:380,4
DA:381,4
DA:382,4
DA:383,4
DA:384,4
DA:385,4
DA:386,4
DA:387,4
DA:388,4
DA:389,4
DA:390,4
DA:391,4
DA:392,4
DA:393,4
DA:394,4
DA:395,4
DA:396,4
DA:397,4
DA:398,4
DA:399,4
DA:400,4
DA:401,4
DA:402,4
DA:403,4
DA:404,4
DA:405,4
DA:406,4
DA:407,4
DA:408,4
DA:409,4
DA:410,4
DA:411,4
DA:412,4
DA:413,4
DA:414,4
DA:415,4
DA:416,4
DA:417,4
DA:418,4
DA:419,68
DA:420,4
DA:421,4
DA:422,4
DA:423,4
DA:424,4
DA:425,4
DA:426,4
DA:427,4
DA:428,4
DA:429,4
DA:430,4
DA:431,4
DA:432,4
DA:433,4
DA:434,4
DA:435,4
DA:436,4
DA:437,4
DA:438,4
DA:439,4
DA:440,4
DA:441,4
DA:442,4
DA:443,4
DA:444,4
DA:445,4
DA:446,0
DA:447,4
DA:448,4
DA:449,4
DA:450,4
DA:451,4
DA:452,4
DA:453,4
DA:454,4
DA:455,4
DA:456,4
DA:457,4
DA:458,4
DA:459,4
DA:460,4
DA:461,4
DA:462,4
DA:463,4
DA:464,4
DA:465,4
DA:466,4
DA:467,4
DA:468,4
DA:469,4
DA:470,4
DA:471,4
DA:472,4
DA:473,4
DA:474,4
DA:475,4
DA:476,4
DA:477,4
DA:478,4
DA:479,4
DA:480,4
DA:481,4
DA:482,4
DA:483,4
DA:484,4
DA:485,4
DA:486,4
DA:487,0
DA:488,4
DA:489,4
DA:490,4
DA:491,4
DA:492,4
DA:493,4
DA:494,4
DA:495,4
DA:496,4
DA:497,4
DA:498,4
DA:499,4
DA:500,4
DA:501,4
DA:502,4
DA:503,4
DA:504,4
DA:505,4
DA:506,4
DA:507,4
DA:508,4
DA:509,4
DA:510,4
DA:511,4
DA:512,4
DA:513,0
DA:514,4
DA:515,4
DA:516,4
DA:517,4
DA:518,4
DA:519,4
DA:520,4
DA:521,4
DA:522,4
DA:523,4
DA:524,4
DA:525,4
DA:526,4
DA:527,4
DA:528,4
DA:529,4
DA:530,4
DA:531,4
DA:532,4
DA:533,4
DA:534,4
DA:535,4
DA:536,4
DA:537,4
DA:538,4
DA:539,0
DA:540,4
DA:541,4
DA:542,4
DA:543,4
DA:544,4
DA:545,4
DA:546,4
DA:547,4
DA:548,4
DA:549,4
DA:550,4
DA:551,4
DA:552,4
DA:553,4
DA:554,4
DA:555,4
DA:556,4
DA:557,4
DA:558,4
DA:559,4
DA:560,4
DA:561,4
DA:562,4
DA:563,0
DA:564,4
DA:565,4
DA:566,4
DA:567,4
DA:568,4
DA:569,4
DA:570,4
DA:571,4
DA:572,4
DA:573,4
DA:574,4
DA:575,4
DA:576,4
DA:577,4
DA:578,4
DA:579,4
DA:580,4
DA:581,4
DA:582,4
DA:583,0
DA:584,0
DA:585,4
DA:586,4
DA:587,4
DA:588,4
DA:589,4
DA:590,4
DA:591,4
DA:592,4
DA:593,4
DA:594,4
DA:595,4
DA:596,4
DA:597,4
DA:598,4
DA:599,4
DA:600,4
DA:601,4
DA:602,4
DA:603,4
DA:604,4
DA:605,4
DA:606,4
DA:607,4
DA:608,0
DA:609,0
DA:610,4
DA:611,4
DA:612,4
DA:613,4
DA:614,4
DA:615,4
DA:616,4
DA:617,4
DA:618,4
DA:619,4
DA:620,4
DA:621,4
DA:622,4
DA:623,4
DA:624,4
DA:625,4
DA:626,4
DA:627,4
DA:628,4
DA:629,4
DA:630,4
DA:631,4
DA:632,4
DA:633,4
DA:634,4
DA:635,4
DA:636,4
DA:637,4
DA:638,4
DA:639,4
DA:640,4
DA:641,4
DA:642,4
DA:643,4
DA:644,4
DA:645,4
DA:646,4
DA:647,4
DA:648,4
DA:649,4
DA:650,4
DA:651,4
DA:652,4
DA:653,4
DA:654,4
DA:655,4
DA:656,4
DA:657,4
DA:658,4
DA:659,4
DA:660,4
DA:661,4
DA:662,4
DA:663,4
DA:664,4
DA:665,4
DA:666,4
DA:667,4
DA:668,4
DA:669,4
DA:670,4
DA:671,4
DA:672,4
DA:673,0
DA:674,0
DA:675,0
DA:676,0
DA:677,0
DA:678,0
DA:679,0
DA:680,0
DA:681,0
DA:682,4
DA:683,4
DA:684,4
DA:685,4
DA:686,4
DA:687,4
DA:688,4
DA:689,4
DA:690,4
DA:691,4
DA:692,4
DA:693,4
DA:694,4
DA:695,4
DA:696,4
DA:697,4
DA:698,4
DA:699,4
DA:700,4
DA:701,4
DA:702,4
DA:703,4
DA:704,4
DA:705,4
DA:706,4
DA:707,4
DA:708,4
DA:709,4
DA:710,4
DA:711,4
DA:712,4
DA:713,4
DA:714,4
DA:715,4
DA:716,4
DA:717,4
DA:718,4
DA:719,4
DA:720,4
DA:721,4
DA:722,4
DA:723,4
DA:724,4
DA:725,4
DA:726,4
DA:727,4
DA:728,4
DA:729,4
DA:730,4
DA:731,4
DA:732,4
DA:733,4
DA:734,4
DA:735,4
DA:736,4
DA:737,4
DA:738,4
DA:739,4
DA:740,4
DA:741,4
DA:742,4
DA:743,4
DA:744,4
DA:745,4
DA:746,4
DA:747,4
DA:748,4
DA:749,4
DA:750,4
DA:751,4
DA:752,4
DA:753,4
DA:754,4
DA:755,4
DA:756,4
DA:757,4
DA:758,4
DA:759,4
DA:760,4
DA:761,4
DA:762,4
DA:763,4
DA:764,4
DA:765,4
DA:766,4
DA:767,4
DA:768,4
DA:769,4
DA:770,4
DA:771,4
DA:772,4
DA:773,4
DA:774,4
DA:775,4
DA:776,4
DA:777,4
DA:778,4
DA:779,4
DA:780,4
DA:781,4
DA:782,4
DA:783,4
DA:784,4
DA:785,4
DA:786,4
DA:787,4
DA:788,4
DA:789,4
DA:790,4
DA:791,4
DA:792,4
DA:793,4
DA:794,4
DA:795,4
DA:796,4
DA:797,4
DA:798,4
DA:799,4
DA:800,4
DA:801,4
DA:802,4
DA:803,4
DA:804,4
DA:805,4
DA:806,4
DA:807,4
DA:808,4
DA:809,4
DA:810,4
DA:811,4
DA:812,4
DA:813,4
DA:814,4
DA:815,4
DA:816,4
DA:817,4
DA:818,4
DA:819,4
DA:820,4
DA:821,4
DA:822,4
DA:823,4
DA:824,4
DA:825,4
DA:826,4
DA:827,4
DA:828,4
DA:829,4
DA:830,4
DA:831,4
DA:832,4
DA:833,4
DA:834,4
DA:835,4
DA:836,0
DA:837,4
DA:838,4
DA:839,4
DA:840,0
DA:841,4
DA:842,4
DA:843,4
DA:844,0
DA:845,0
DA:846,0
DA:847,0
DA:848,0
DA:849,0
DA:850,0
DA:851,0
DA:852,0
DA:853,0
DA:854,0
DA:855,0
DA:856,0
DA:857,0
DA:858,0
DA:859,0
DA:860,0
DA:861,0
DA:862,0
DA:863,0
DA:864,0
DA:865,0
DA:866,0
DA:867,0
DA:868,0
DA:869,0
DA:870,0
DA:871,0
DA:872,0
DA:873,0
DA:874,0
DA:875,0
DA:876,0
DA:877,0
DA:878,0
DA:879,0
DA:880,0
DA:881,0
DA:882,0
DA:883,0
DA:884,0
DA:885,0
DA:886,0
DA:887,0
DA:888,0
DA:889,0
DA:890,0
DA:891,0
DA:892,0
DA:893,0
DA:894,0
DA:895,0
DA:896,0
DA:897,0
DA:898,0
DA:899,0
DA:900,0
DA:901,0
DA:902,0
DA:903,0
DA:904,0
DA:905,0
DA:906,0
DA:907,0
DA:908,0
DA:909,0
DA:910,0
DA:911,0
DA:912,0
DA:913,0
DA:914,0
DA:915,0
DA:916,0
DA:917,0
DA:918,0
DA:919,0
DA:920,0
DA:921,0
DA:922,0
DA:923,0
DA:924,0
DA:925,0
DA:926,0
DA:927,0
DA:928,0
DA:929,0
DA:930,0
DA:931,0
DA:932,0
DA:933,0
DA:934,0
DA:935,0
DA:936,0
DA:937,0
DA:938,0
DA:939,0
DA:940,0
DA:941,0
DA:942,0
DA:943,0
DA:944,0
DA:945,0
DA:946,0
DA:947,0
DA:948,0
DA:949,0
DA:950,0
DA:951,0
DA:952,0
DA:953,0
DA:954,0
DA:955,0
DA:956,0
DA:957,0
DA:958,0
DA:959,0
DA:960,4
DA:961,4
DA:962,4
DA:963,4
DA:964,4
DA:965,4
DA:966,4
DA:967,4
DA:968,4
DA:969,4
DA:970,4
DA:971,4
DA:972,4
DA:973,4
DA:974,4
DA:975,4
DA:976,4
DA:977,4
DA:978,4
DA:979,4
DA:980,4
DA:981,4
DA:982,4
DA:983,4
DA:984,4
DA:985,4
DA:986,4
DA:987,4
DA:988,4
DA:989,4
DA:990,4
DA:991,4
DA:992,4
DA:993,4
DA:994,4
DA:995,4
DA:996,4
DA:997,4
DA:998,4
DA:999,4
DA:1000,4
DA:1001,4
DA:1002,4
DA:1003,4
DA:1004,0
DA:1005,0
DA:1006,0
DA:1007,0
DA:1008,4
DA:1009,4
DA:1010,4
DA:1011,4
DA:1012,4
DA:1013,4
DA:1014,4
DA:1015,4
DA:1016,4
DA:1017,4
DA:1018,4
DA:1019,4
DA:1020,4
DA:1021,4
DA:1022,4
DA:1023,4
DA:1024,4
DA:1025,4
DA:1026,4
DA:1027,4
DA:1028,4
DA:1029,4
DA:1030,4
DA:1031,4
DA:1032,4
DA:1033,4
DA:1034,4
DA:1035,4
DA:1036,4
DA:1037,2
DA:1038,2
DA:1039,2
DA:1040,2
DA:1041,2
DA:1042,4
DA:1043,4
DA:1044,4
DA:1045,4
DA:1046,4
DA:1047,4
DA:1048,4
DA:1049,4
DA:1050,4
DA:1051,4
DA:1052,4
DA:1053,4
DA:1054,4
DA:1055,4
DA:1056,4
DA:1057,4
DA:1058,4
DA:1059,4
DA:1060,4
DA:1061,4
DA:1062,4
DA:1063,4
DA:1064,4
DA:1065,4
DA:1066,4
DA:1067,4
DA:1068,4
DA:1069,4
DA:1070,4
DA:1071,4
DA:1072,0
DA:1073,0
DA:1074,0
DA:1075,0
DA:1076,0
DA:1077,4
DA:1078,4
DA:1079,4
DA:1080,4
DA:1081,4
DA:1082,4
DA:1083,4
DA:1084,4
DA:1085,4
DA:1086,4
DA:1087,4
DA:1088,4
DA:1089,4
DA:1090,4
DA:1091,4
DA:1092,4
DA:1093,4
DA:1094,4
DA:1095,4
DA:1096,4
DA:1097,4
DA:1098,4
DA:1099,4
DA:1100,4
DA:1101,4
DA:1102,4
DA:1103,4
DA:1104,0
DA:1105,0
DA:1106,0
DA:1107,0
DA:1108,4
DA:1109,4
DA:1110,4
DA:1111,4
DA:1112,4
DA:1113,4
DA:1114,4
DA:1115,4
DA:1116,4
DA:1117,4
DA:1118,4
DA:1119,4
DA:1120,4
DA:1121,4
DA:1122,4
DA:1123,4
DA:1124,4
DA:1125,4
DA:1126,4
DA:1127,4
DA:1128,4
DA:1129,4
DA:1130,4
DA:1131,4
DA:1132,4
DA:1133,4
DA:1134,4
DA:1135,0
DA:1136,0
DA:1137,0
DA:1138,0
DA:1139,4
DA:1140,4
DA:1141,4
DA:1142,4
DA:1143,4
DA:1144,4
DA:1145,4
DA:1146,4
DA:1147,4
DA:1148,4
DA:1149,4
DA:1150,4
DA:1151,4
DA:1152,4
DA:1153,4
DA:1154,4
DA:1155,4
DA:1156,4
DA:1157,4
DA:1158,4
DA:1159,4
DA:1160,4
DA:1161,4
DA:1162,4
DA:1163,4
DA:1164,4
DA:1165,4
DA:1166,0
DA:1167,0
DA:1168,0
DA:1169,0
DA:1170,4
DA:1171,4
DA:1172,4
DA:1173,4
DA:1174,4
DA:1175,4
DA:1176,4
DA:1177,4
DA:1178,4
DA:1179,4
DA:1180,4
DA:1181,4
DA:1182,4
DA:1183,4
DA:1184,4
DA:1185,4
DA:1186,4
DA:1187,4
DA:1188,4
DA:1189,4
DA:1190,4
DA:1191,4
DA:1192,4
DA:1193,4
DA:1194,4
DA:1195,4
DA:1196,4
DA:1197,4
DA:1198,4
DA:1199,4
DA:1200,4
DA:1201,4
DA:1202,4
DA:1203,4
DA:1204,4
DA:1205,4
DA:1206,4
DA:1207,0
DA:1208,0
DA:1209,0
DA:1210,0
DA:1211,0
DA:1212,4
DA:1213,4
DA:1214,4
DA:1215,4
DA:1216,4
DA:1217,4
DA:1218,4
DA:1219,4
DA:1220,4
DA:1221,4
DA:1222,4
DA:1223,4
DA:1224,4
DA:1225,4
DA:1226,4
DA:1227,4
DA:1228,4
DA:1229,4
DA:1230,4
DA:1231,4
DA:1232,4
DA:1233,4
DA:1234,4
DA:1235,4
DA:1236,4
DA:1237,4
DA:1238,4
DA:1239,4
DA:1240,4
DA:1241,4
DA:1242,4
DA:1243,4
DA:1244,4
DA:1245,4
DA:1246,4
DA:1247,4
DA:1248,4
DA:1249,4
DA:1250,4
DA:1251,4
DA:1252,4
DA:1253,4
DA:1254,4
DA:1255,4
DA:1256,4
DA:1257,4
DA:1258,4
DA:1259,4
DA:1260,4
DA:1261,4
DA:1262,4
DA:1263,4
DA:1264,4
DA:1265,4
DA:1266,4
DA:1267,4
DA:1268,0
DA:1269,0
DA:1270,0
DA:1271,0
DA:1272,0
DA:1273,0
DA:1274,0
DA:1275,0
DA:1276,0
DA:1277,0
DA:1278,0
DA:1279,0
DA:1280,0
DA:1281,0
DA:1282,0
DA:1283,0
DA:1284,0
DA:1285,0
DA:1286,0
DA:1287,0
DA:1288,0
DA:1289,0
DA:1290,0
DA:1291,0
DA:1292,0
DA:1293,0
DA:1294,0
DA:1295,0
DA:1296,0
DA:1297,0
DA:1298,0
DA:1299,0
DA:1300,0
DA:1301,0
DA:1302,0
DA:1303,0
DA:1304,0
DA:1305,0
DA:1306,0
DA:1307,0
DA:1308,0
DA:1309,4
DA:1310,4
DA:1311,4
DA:1312,4
DA:1313,4
DA:1314,4
DA:1315,4
DA:1316,4
DA:1317,4
DA:1318,4
DA:1319,4
DA:1320,4
DA:1321,4
DA:1322,4
DA:1323,4
DA:1324,4
DA:1325,4
DA:1326,4
DA:1327,4
DA:1328,4
DA:1329,4
DA:1330,4
DA:1331,4
DA:1332,4
DA:1333,4
DA:1334,4
DA:1335,4
DA:1336,4
DA:1337,4
DA:1338,4
DA:1339,4
DA:1340,4
DA:1341,4
DA:1342,4
DA:1343,0
DA:1344,0
DA:1345,0
DA:1346,0
DA:1347,0
DA:1348,0
DA:1349,4
DA:1350,4
DA:1351,4
DA:1352,4
DA:1353,4
DA:1354,4
DA:1355,4
DA:1356,4
DA:1357,4
DA:1358,4
DA:1359,4
DA:1360,4
DA:1361,4
DA:1362,4
DA:1363,4
DA:1364,4
DA:1365,4
DA:1366,4
DA:1367,4
DA:1368,4
DA:1369,4
DA:1370,4
DA:1371,4
DA:1372,4
DA:1373,4
DA:1374,4
DA:1375,4
DA:1376,4
DA:1377,4
DA:1378,4
DA:1379,4
DA:1380,4
DA:1381,4
DA:1382,4
DA:1383,4
DA:1384,4
DA:1385,4
DA:1386,4
DA:1387,4
DA:1388,4
DA:1389,4
DA:1390,4
DA:1391,4
DA:1392,4
DA:1393,4
DA:1394,4
DA:1395,4
DA:1396,4
DA:1397,4
DA:1398,4
DA:1399,4
DA:1400,4
DA:1401,6
DA:1402,6
DA:1403,6
DA:1404,0
DA:1405,0
DA:1406,0
DA:1407,0
DA:1408,6
DA:1409,6
DA:1410,6
DA:1411,6
DA:1412,6
DA:1413,6
DA:1414,6
DA:1415,6
DA:1416,4
DA:1417,4
DA:1418,4
DA:1419,4
DA:1420,4
DA:1421,4
DA:1422,4
DA:1423,4
DA:1424,4
DA:1425,4
DA:1426,4
DA:1427,4
DA:1428,4
DA:1429,4
DA:1430,4
DA:1431,4
DA:1432,4
DA:1433,4
DA:1434,4
DA:1435,4
DA:1436,4
DA:1437,4
DA:1438,4
DA:1439,4
DA:1440,4
DA:1441,4
DA:1442,4
DA:1443,4
DA:1444,4
DA:1445,4
DA:1446,4
DA:1447,4
DA:1448,4
DA:1449,4
DA:1450,4
DA:1451,4
DA:1452,4
DA:1453,4
DA:1454,4
DA:1455,4
DA:1456,4
DA:1457,4
DA:1458,4
DA:1459,4
DA:1460,4
DA:1461,4
DA:1462,4
DA:1463,4
DA:1464,4
DA:1465,4
DA:1466,0
DA:1467,0
DA:1468,0
DA:1469,0
DA:1470,0
DA:1471,0
DA:1472,0
DA:1473,0
DA:1474,4
DA:1475,4
DA:1476,4
DA:1477,4
DA:1478,4
DA:1479,4
DA:1480,4
DA:1481,4
DA:1482,4
DA:1483,4
DA:1484,4
DA:1485,4
DA:1486,4
DA:1487,4
DA:1488,4
DA:1489,4
DA:1490,4
DA:1491,4
DA:1492,4
DA:1493,4
DA:1494,4
DA:1495,4
DA:1496,4
DA:1497,4
DA:1498,4
DA:1499,4
DA:1500,4
DA:1501,4
DA:1502,4
DA:1503,4
DA:1504,4
DA:1505,4
DA:1506,4
DA:1507,4
DA:1508,4
DA:1509,4
DA:1510,4
DA:1511,4
DA:1512,4
DA:1513,4
DA:1514,4
DA:1515,4
DA:1516,4
DA:1517,4
DA:1518,4
DA:1519,4
DA:1520,4
DA:1521,4
DA:1522,4
DA:1523,4
DA:1524,0
DA:1525,0
DA:1526,0
DA:1527,0
DA:1528,0
DA:1529,0
DA:1530,0
DA:1531,0
DA:1532,0
DA:1533,0
DA:1534,0
DA:1535,0
DA:1536,0
DA:1537,0
DA:1538,0
DA:1539,0
DA:1540,0
DA:1541,0
DA:1542,0
DA:1543,0
DA:1544,0
DA:1545,0
DA:1546,0
DA:1547,0
DA:1548,0
DA:1549,0
DA:1550,0
DA:1551,0
DA:1552,0
DA:1553,0
DA:1554,0
DA:1555,0
DA:1556,0
DA:1557,0
DA:1558,0
DA:1559,0
DA:1560,0
DA:1561,0
DA:1562,0
DA:1563,0
DA:1564,0
DA:1565,0
DA:1566,0
DA:1567,0
DA:1568,0
DA:1569,0
DA:1570,0
DA:1571,0
DA:1572,0
DA:1573,0
DA:1574,0
DA:1575,0
DA:1576,4
DA:1577,4
DA:1578,4
DA:1579,4
DA:1580,4
DA:1581,4
DA:1582,4
DA:1583,4
DA:1584,4
DA:1585,4
DA:1586,4
DA:1587,4
DA:1588,4
DA:1589,4
DA:1590,4
DA:1591,4
DA:1592,4
DA:1593,4
DA:1594,4
DA:1595,4
DA:1596,4
DA:1597,4
DA:1598,4
DA:1599,4
DA:1600,4
DA:1601,4
DA:1602,4
DA:1603,4
DA:1604,4
DA:1605,4
DA:1606,4
DA:1607,4
DA:1608,4
DA:1609,4
DA:1610,4
DA:1611,4
DA:1612,4
DA:1613,4
DA:1614,4
DA:1615,4
DA:1616,4
DA:1617,4
DA:1618,4
DA:1619,4
DA:1620,4
DA:1621,4
DA:1622,4
DA:1623,4
DA:1624,4
DA:1625,4
DA:1626,4
DA:1627,4
DA:1628,4
DA:1629,0
DA:1630,0
DA:1631,0
DA:1632,0
DA:1633,0
DA:1634,0
DA:1635,0
DA:1636,0
DA:1637,0
DA:1638,0
DA:1639,0
DA:1640,0
DA:1641,0
DA:1642,0
DA:1643,0
DA:1644,0
DA:1645,0
DA:1646,0
DA:1647,0
DA:1648,0
DA:1649,0
DA:1650,0
DA:1651,0
DA:1652,0
DA:1653,0
DA:1654,0
DA:1655,0
DA:1656,0
DA:1657,0
DA:1658,0
DA:1659,0
DA:1660,0
DA:1661,0
DA:1662,0
DA:1663,0
DA:1664,0
DA:1665,0
DA:1666,0
DA:1667,0
DA:1668,0
DA:1669,0
DA:1670,0
DA:1671,0
DA:1672,0
DA:1673,0
DA:1674,0
DA:1675,0
DA:1676,0
DA:1677,0
DA:1678,0
DA:1679,0
DA:1680,0
DA:1681,4
DA:1682,4
DA:1683,4
DA:1684,4
DA:1685,4
DA:1686,4
DA:1687,4
DA:1688,4
DA:1689,4
DA:1690,4
DA:1691,4
DA:1692,4
DA:1693,4
DA:1694,4
DA:1695,4
DA:1696,4
DA:1697,4
DA:1698,4
DA:1699,4
DA:1700,4
DA:1701,4
DA:1702,4
DA:1703,4
DA:1704,4
DA:1705,4
DA:1706,4
DA:1707,4
DA:1708,4
DA:1709,4
DA:1710,4
DA:1711,4
DA:1712,4
DA:1713,4
DA:1714,4
DA:1715,4
DA:1716,4
DA:1717,4
DA:1718,4
DA:1719,4
DA:1720,4
DA:1721,4
DA:1722,4
DA:1723,4
DA:1724,4
DA:1725,4
DA:1726,4
DA:1727,4
DA:1728,4
DA:1729,4
DA:1730,4
DA:1731,4
DA:1732,4
DA:1733,0
DA:1734,0
DA:1735,0
DA:1736,0
DA:1737,0
DA:1738,0
DA:1739,0
DA:1740,0
DA:1741,0
DA:1742,0
DA:1743,0
DA:1744,0
DA:1745,0
DA:1746,0
DA:1747,0
DA:1748,0
DA:1749,0
DA:1750,0
DA:1751,0
DA:1752,0
DA:1753,0
DA:1754,0
DA:1755,0
DA:1756,0
DA:1757,0
DA:1758,0
DA:1759,0
DA:1760,0
DA:1761,0
DA:1762,0
DA:1763,0
DA:1764,0
DA:1765,0
DA:1766,0
DA:1767,0
DA:1768,0
DA:1769,0
DA:1770,0
DA:1771,0
DA:1772,0
DA:1773,0
DA:1774,0
DA:1775,0
DA:1776,0
DA:1777,0
DA:1778,0
DA:1779,0
DA:1780,0
DA:1781,0
DA:1782,0
DA:1783,0
DA:1784,0
DA:1785,4
DA:1786,4
DA:1787,4
DA:1788,4
DA:1789,4
DA:1790,4
DA:1791,4
DA:1792,4
DA:1793,4
DA:1794,4
DA:1795,4
DA:1796,4
DA:1797,4
DA:1798,4
DA:1799,4
DA:1800,4
DA:1801,4
DA:1802,4
DA:1803,4
DA:1804,4
DA:1805,4
DA:1806,4
DA:1807,4
DA:1808,4
DA:1809,4
DA:1810,4
DA:1811,4
DA:1812,4
DA:1813,4
DA:1814,4
DA:1815,4
DA:1816,4
DA:1817,4
DA:1818,4
DA:1819,4
DA:1820,4
DA:1821,4
DA:1822,4
DA:1823,4
DA:1824,4
DA:1825,4
DA:1826,4
DA:1827,4
DA:1828,4
DA:1829,4
DA:1830,4
DA:1831,4
DA:1832,4
DA:1833,4
DA:1834,4
DA:1835,4
DA:1836,4
DA:1837,4
DA:1838,0
DA:1839,0
DA:1840,0
DA:1841,0
DA:1842,0
DA:1843,0
DA:1844,0
DA:1845,0
DA:1846,0
DA:1847,0
DA:1848,0
DA:1849,0
DA:1850,0
DA:1851,0
DA:1852,0
DA:1853,0
DA:1854,0
DA:1855,0
DA:1856,0
DA:1857,0
DA:1858,0
DA:1859,0
DA:1860,0
DA:1861,0
DA:1862,0
DA:1863,0
DA:1864,0
DA:1865,0
DA:1866,0
DA:1867,0
DA:1868,0
DA:1869,0
DA:1870,0
DA:1871,0
DA:1872,0
DA:1873,0
DA:1874,0
DA:1875,0
DA:1876,0
DA:1877,0
DA:1878,0
DA:1879,0
DA:1880,0
DA:1881,0
DA:1882,0
DA:1883,0
DA:1884,0
DA:1885,0
DA:1886,0
DA:1887,0
DA:1888,0
DA:1889,0
DA:1890,4
DA:1891,4
DA:1892,4
DA:1893,4
DA:1894,4
DA:1895,4
DA:1896,4
DA:1897,4
DA:1898,4
DA:1899,4
DA:1900,4
DA:1901,4
DA:1902,4
DA:1903,4
DA:1904,4
DA:1905,4
DA:1906,4
DA:1907,4
DA:1908,4
DA:1909,4
DA:1910,4
DA:1911,4
DA:1912,4
DA:1913,4
DA:1914,4
DA:1915,4
DA:1916,4
DA:1917,4
DA:1918,4
DA:1919,4
DA:1920,4
DA:1921,4
DA:1922,4
DA:1923,4
DA:1924,4
DA:1925,4
DA:1926,4
DA:1927,4
DA:1928,4
DA:1929,4
DA:1930,4
DA:1931,4
DA:1932,4
DA:1933,4
DA:1934,4
DA:1935,4
DA:1936,4
DA:1937,4
DA:1938,4
DA:1939,4
DA:1940,4
DA:1941,4
DA:1942,0
DA:1943,0
DA:1944,0
DA:1945,0
DA:1946,0
DA:1947,0
DA:1948,0
DA:1949,0
DA:1950,0
DA:1951,0
DA:1952,0
DA:1953,0
DA:1954,0
DA:1955,0
DA:1956,0
DA:1957,0
DA:1958,0
DA:1959,0
DA:1960,0
DA:1961,0
DA:1962,0
DA:1963,0
DA:1964,0
DA:1965,0
DA:1966,0
DA:1967,0
DA:1968,0
DA:1969,0
DA:1970,0
DA:1971,0
DA:1972,0
DA:1973,0
DA:1974,0
DA:1975,0
DA:1976,0
DA:1977,0
DA:1978,0
DA:1979,0
DA:1980,0
DA:1981,0
DA:1982,0
DA:1983,0
DA:1984,0
DA:1985,0
DA:1986,0
DA:1987,0
DA:1988,0
DA:1989,0
DA:1990,0
DA:1991,0
DA:1992,0
DA:1993,0
DA:1994,0
DA:1995,4
DA:1996,4
DA:1997,4
DA:1998,4
DA:1999,4
DA:2000,4
DA:2001,4
DA:2002,4
DA:2003,4
DA:2004,4
DA:2005,4
DA:2006,4
DA:2007,4
DA:2008,4
DA:2009,4
DA:2010,4
DA:2011,4
DA:2012,4
DA:2013,4
DA:2014,4
DA:2015,4
DA:2016,4
DA:2017,4
DA:2018,4
DA:2019,4
DA:2020,4
DA:2021,4
DA:2022,4
DA:2023,4
DA:2024,4
DA:2025,4
DA:2026,4
DA:2027,4
DA:2028,4
DA:2029,4
DA:2030,4
DA:2031,4
DA:2032,4
DA:2033,4
DA:2034,4
DA:2035,4
DA:2036,4
DA:2037,4
DA:2038,4
DA:2039,0
DA:2040,0
DA:2041,0
DA:2042,0
DA:2043,0
DA:2044,0
DA:2045,0
DA:2046,0
DA:2047,0
DA:2048,0
DA:2049,0
DA:2050,0
DA:2051,0
DA:2052,0
DA:2053,0
DA:2054,0
DA:2055,0
DA:2056,0
DA:2057,0
DA:2058,0
DA:2059,0
DA:2060,0
DA:2061,0
DA:2062,0
DA:2063,0
DA:2064,0
DA:2065,0
DA:2066,0
DA:2067,0
DA:2068,0
DA:2069,4
DA:2070,4
DA:2071,4
DA:2072,4
DA:2073,4
DA:2074,4
DA:2075,4
DA:2076,4
DA:2077,4
DA:2078,4
DA:2079,4
DA:2080,4
DA:2081,4
DA:2082,4
DA:2083,4
DA:2084,4
DA:2085,4
DA:2086,4
DA:2087,4
DA:2088,4
DA:2089,4
DA:2090,4
DA:2091,4
DA:2092,4
DA:2093,4
DA:2094,4
DA:2095,4
DA:2096,4
DA:2097,4
DA:2098,4
DA:2099,4
DA:2100,4
DA:2101,4
DA:2102,4
DA:2103,4
DA:2104,4
DA:2105,4
DA:2106,4
DA:2107,4
DA:2108,4
DA:2109,4
DA:2110,4
DA:2111,4
DA:2112,4
DA:2113,4
DA:2114,4
DA:2115,4
DA:2116,4
DA:2117,4
DA:2118,4
DA:2119,4
DA:2120,4
DA:2121,4
DA:2122,4
DA:2123,4
DA:2124,4
DA:2125,4
DA:2126,4
DA:2127,4
DA:2128,4
DA:2129,4
DA:2130,4
DA:2131,4
DA:2132,4
DA:2133,4
DA:2134,4
DA:2135,4
DA:2136,4
DA:2137,4
DA:2138,4
DA:2139,4
DA:2140,4
DA:2141,4
DA:2142,4
DA:2143,4
DA:2144,4
DA:2145,4
DA:2146,4
DA:2147,4
DA:2148,4
DA:2149,4
DA:2150,4
DA:2151,4
DA:2152,4
DA:2153,4
DA:2154,4
DA:2155,4
DA:2156,4
DA:2157,4
DA:2158,4
DA:2159,4
DA:2160,4
DA:2161,4
DA:2162,4
DA:2163,4
DA:2164,4
DA:2165,4
DA:2166,4
DA:2167,4
DA:2168,4
DA:2169,4
DA:2170,4
DA:2171,4
DA:2172,4
DA:2173,4
DA:2174,4
DA:2175,4
DA:2176,4
DA:2177,4
DA:2178,4
DA:2179,4
DA:2180,4
DA:2181,4
DA:2182,4
DA:2183,4
DA:2184,4
DA:2185,4
DA:2186,4
DA:2187,4
DA:2188,0
DA:2189,0
DA:2190,0
DA:2191,0
DA:2192,0
DA:2193,0
DA:2194,0
DA:2195,0
DA:2196,0
DA:2197,0
DA:2198,0
DA:2199,0
DA:2200,0
DA:2201,0
DA:2202,0
DA:2203,0
DA:2204,0
DA:2205,0
DA:2206,0
DA:2207,0
DA:2208,0
DA:2209,0
DA:2210,0
DA:2211,0
DA:2212,0
DA:2213,0
DA:2214,0
DA:2215,0
DA:2216,0
DA:2217,0
DA:2218,0
DA:2219,0
DA:2220,0
DA:2221,0
DA:2222,0
DA:2223,0
DA:2224,0
DA:2225,0
DA:2226,0
DA:2227,0
DA:2228,0
DA:2229,0
DA:2230,0
DA:2231,0
DA:2232,0
DA:2233,0
DA:2234,0
DA:2235,0
DA:2236,0
DA:2237,0
DA:2238,0
DA:2239,0
DA:2240,0
DA:2241,0
DA:2242,0
DA:2243,0
DA:2244,0
DA:2245,0
DA:2246,0
DA:2247,0
DA:2248,0
DA:2249,0
DA:2250,0
DA:2251,0
DA:2252,0
DA:2253,0
DA:2254,0
DA:2255,0
DA:2256,0
DA:2257,0
DA:2258,0
DA:2259,0
DA:2260,0
DA:2261,0
DA:2262,0
DA:2263,0
DA:2264,0
DA:2265,0
DA:2266,0
DA:2267,0
DA:2268,0
DA:2269,0
DA:2270,0
DA:2271,0
DA:2272,4
DA:2273,4
DA:2274,4
DA:2275,4
DA:2276,4
DA:2277,0
DA:2278,0
DA:2279,4
DA:2280,4
DA:2281,4
DA:2282,4
DA:2283,4
DA:2284,4
DA:2285,4
DA:2286,4
DA:2287,4
DA:2288,4
DA:2289,4
DA:2290,4
DA:2291,4
DA:2292,4
DA:2293,4
DA:2294,4
DA:2295,4
DA:2296,4
DA:2297,4
DA:2298,4
DA:2299,4
DA:2300,4
DA:2301,4
DA:2302,4
DA:2303,4
DA:2304,4
DA:2305,4
DA:2306,4
DA:2307,4
DA:2308,4
DA:2309,4
DA:2310,4
DA:2311,4
DA:2312,4
DA:2313,4
DA:2314,4
DA:2315,4
DA:2316,4
DA:2317,4
DA:2318,4
DA:2319,4
DA:2320,4
DA:2321,4
DA:2322,4
DA:2323,4
DA:2324,4
DA:2325,4
DA:2326,4
DA:2327,4
DA:2328,4
DA:2329,4
DA:2330,4
DA:2331,4
DA:2332,4
DA:2333,4
DA:2334,4
DA:2335,4
DA:2336,4
DA:2337,4
DA:2338,4
DA:2339,4
DA:2340,4
DA:2341,4
DA:2342,4
DA:2343,4
DA:2344,4
DA:2345,4
DA:2346,4
DA:2347,4
DA:2348,4
DA:2349,4
DA:2350,4
DA:2351,4
DA:2352,4
DA:2353,4
DA:2354,4
DA:2355,4
DA:2356,4
DA:2357,4
DA:2358,4
DA:2359,4
DA:2360,4
DA:2361,4
DA:2362,4
DA:2363,4
DA:2364,4
DA:2365,4
DA:2366,4
DA:2367,4
DA:2368,4
DA:2369,4
DA:2370,4
DA:2371,4
DA:2372,4
DA:2373,4
DA:2374,4
DA:2375,4
DA:2376,4
DA:2377,4
DA:2378,4
DA:2379,4
DA:2380,4
DA:2381,4
DA:2382,4
DA:2383,4
DA:2384,4
DA:2385,4
DA:2386,4
DA:2387,4
DA:2388,4
DA:2389,4
DA:2390,4
DA:2391,4
DA:2392,4
DA:2393,4
DA:2394,4
DA:2395,4
DA:2396,4
DA:2397,4
DA:2398,4
DA:2399,4
DA:2400,4
DA:2401,4
DA:2402,4
DA:2403,4
DA:2404,0
DA:2405,0
DA:2406,0
DA:2407,0
DA:2408,0
DA:2409,0
DA:2410,0
DA:2411,0
DA:2412,0
DA:2413,0
DA:2414,0
DA:2415,0
DA:2416,0
DA:2417,0
DA:2418,0
DA:2419,0
DA:2420,0
DA:2421,0
DA:2422,0
DA:2423,0
DA:2424,0
DA:2425,0
DA:2426,0
DA:2427,0
DA:2428,4
DA:2429,4
DA:2430,4
DA:2431,4
DA:2432,4
DA:2433,4
DA:2434,4
DA:2435,4
DA:2436,4
DA:2437,4
DA:2438,4
DA:2439,4
DA:2440,4
DA:2441,4
DA:2442,4
DA:2443,4
DA:2444,4
DA:2445,4
DA:2446,4
DA:2447,4
DA:2448,4
DA:2449,4
DA:2450,4
DA:2451,4
DA:2452,4
DA:2453,4
DA:2454,4
DA:2455,4
DA:2456,4
DA:2457,4
DA:2458,4
DA:2459,4
DA:2460,4
DA:2461,4
DA:2462,4
DA:2463,4
DA:2464,4
DA:2465,4
DA:2466,4
DA:2467,4
DA:2468,4
DA:2469,4
DA:2470,4
DA:2471,4
DA:2472,4
DA:2473,4
DA:2474,4
DA:2475,4
DA:2476,4
DA:2477,4
DA:2478,4
DA:2479,4
DA:2480,4
DA:2481,4
DA:2482,4
DA:2483,4
DA:2484,4
DA:2485,4
DA:2486,4
DA:2487,4
DA:2488,4
DA:2489,4
DA:2490,4
DA:2491,4
DA:2492,0
DA:2493,4
DA:2494,4
DA:2495,4
DA:2496,0
DA:2497,0
DA:2498,0
DA:2499,0
DA:2500,0
DA:2501,0
DA:2502,0
DA:2503,0
DA:2504,0
DA:2505,0
DA:2506,0
DA:2507,0
DA:2508,0
DA:2509,0
DA:2510,0
DA:2511,0
DA:2512,0
DA:2513,0
DA:2514,0
DA:2515,0
DA:2516,0
DA:2517,0
DA:2518,0
DA:2519,0
DA:2520,0
DA:2521,4
DA:2522,4
DA:2523,4
DA:2524,4
DA:2525,4
DA:2526,4
DA:2527,4
DA:2528,4
DA:2529,4
DA:2530,4
DA:2531,4
DA:2532,4
DA:2533,4
DA:2534,4
DA:2535,4
DA:2536,4
DA:2537,4
DA:2538,4
DA:2539,4
DA:2540,4
DA:2541,4
DA:2542,4
DA:2543,4
DA:2544,4
DA:2545,4
DA:2546,4
DA:2547,4
DA:2548,4
DA:2549,4
DA:2550,4
DA:2551,4
DA:2552,4
DA:2553,4
DA:2554,4
DA:2555,0
DA:2556,0
DA:2557,0
DA:2558,0
DA:2559,0
DA:2560,0
DA:2561,4
DA:2562,4
DA:2563,4
DA:2564,4
DA:2565,4
DA:2566,4
DA:2567,4
DA:2568,4
DA:2569,4
DA:2570,4
DA:2571,4
DA:2572,4
DA:2573,4
DA:2574,4
DA:2575,4
DA:2576,4
DA:2577,4
DA:2578,4
DA:2579,4
DA:2580,4
DA:2581,4
DA:2582,4
DA:2583,4
DA:2584,4
DA:2585,4
DA:2586,4
DA:2587,4
DA:2588,4
DA:2589,4
DA:2590,4
DA:2591,4
DA:2592,4
DA:2593,0
DA:2594,0
DA:2595,0
DA:2596,0
DA:2597,0
DA:2598,0
DA:2599,0
DA:2600,0
DA:2601,0
DA:2602,0
DA:2603,4
DA:2604,4
DA:2605,4
DA:2606,4
DA:2607,4
DA:2608,4
DA:2609,4
DA:2610,4
DA:2611,4
DA:2612,4
DA:2613,4
DA:2614,4
DA:2615,4
DA:2616,4
DA:2617,4
DA:2618,4
DA:2619,4
DA:2620,4
DA:2621,4
DA:2622,4
DA:2623,4
DA:2624,4
DA:2625,4
DA:2626,4
DA:2627,4
DA:2628,4
DA:2629,4
DA:2630,4
DA:2631,4
DA:2632,4
DA:2633,4
DA:2634,4
DA:2635,4
DA:2636,4
DA:2637,4
DA:2638,4
DA:2639,4
DA:2640,4
DA:2641,4
DA:2642,4
DA:2643,4
DA:2644,4
DA:2645,4
DA:2646,4
DA:2647,4
DA:2648,4
DA:2649,4
DA:2650,4
DA:2651,4
DA:2652,4
DA:2653,4
DA:2654,4
DA:2655,4
DA:2656,4
DA:2657,4
DA:2658,4
DA:2659,4
DA:2660,4
DA:2661,4
DA:2662,4
DA:2663,4
DA:2664,4
DA:2665,4
DA:2666,4
DA:2667,4
DA:2668,4
DA:2669,4
DA:2670,4
DA:2671,4
DA:2672,4
DA:2673,4
DA:2674,4
DA:2675,4
DA:2676,4
DA:2677,4
DA:2678,4
DA:2679,4
DA:2680,4
DA:2681,4
DA:2682,4
DA:2683,4
DA:2684,4
DA:2685,4
DA:2686,4
DA:2687,4
DA:2688,4
DA:2689,4
DA:2690,4
DA:2691,4
DA:2692,4
DA:2693,4
DA:2694,4
DA:2695,4
DA:2696,4
DA:2697,4
DA:2698,4
DA:2699,4
DA:2700,4
DA:2701,4
DA:2702,4
DA:2703,4
DA:2704,4
DA:2705,4
DA:2706,4
DA:2707,4
DA:2708,4
DA:2709,4
DA:2710,4
DA:2711,0
DA:2712,0
DA:2713,0
DA:2714,0
DA:2715,0
DA:2716,0
DA:2717,0
DA:2718,0
DA:2719,0
DA:2720,0
DA:2721,0
DA:2722,0
DA:2723,0
DA:2724,0
DA:2725,0
DA:2726,0
DA:2727,0
DA:2728,0
DA:2729,0
DA:2730,0
DA:2731,0
DA:2732,0
DA:2733,0
DA:2734,0
DA:2735,0
DA:2736,0
DA:2737,0
DA:2738,0
DA:2739,0
DA:2740,0
DA:2741,0
DA:2742,0
DA:2743,0
DA:2744,0
DA:2745,0
DA:2746,0
DA:2747,0
DA:2748,0
DA:2749,0
DA:2750,0
DA:2751,0
DA:2752,0
DA:2753,0
DA:2754,0
DA:2755,0
DA:2756,0
DA:2757,0
DA:2758,0
DA:2759,0
DA:2760,0
DA:2761,0
DA:2762,0
DA:2763,0
DA:2764,0
DA:2765,0
DA:2766,0
DA:2767,0
DA:2768,0
DA:2769,0
DA:2770,0
DA:2771,0
DA:2772,0
DA:2773,0
DA:2774,0
DA:2775,0
DA:2776,0
DA:2777,0
DA:2778,0
DA:2779,0
DA:2780,0
DA:2781,0
DA:2782,0
DA:2783,0
DA:2784,0
DA:2785,0
DA:2786,0
DA:2787,0
DA:2788,0
DA:2789,0
DA:2790,0
DA:2791,0
DA:2792,0
DA:2793,0
DA:2794,0
DA:2795,0
DA:2796,0
DA:2797,0
DA:2798,0
DA:2799,0
DA:2800,0
DA:2801,0
DA:2802,0
DA:2803,0
DA:2804,0
DA:2805,0
DA:2806,0
DA:2807,0
DA:2808,0
DA:2809,0
DA:2810,0
DA:2811,0
DA:2812,0
DA:2813,0
DA:2814,0
DA:2815,0
DA:2816,0
DA:2817,0
DA:2818,0
DA:2819,0
DA:2820,0
DA:2821,0
DA:2822,0
DA:2823,0
DA:2824,0
DA:2825,0
DA:2826,0
DA:2827,0
DA:2828,0
DA:2829,0
DA:2830,0
DA:2831,0
DA:2832,0
DA:2833,4
DA:2834,4
DA:2835,4
DA:2836,4
DA:2837,4
DA:2838,4
DA:2839,4
DA:2840,4
DA:2841,4
DA:2842,4
DA:2843,4
DA:2844,4
DA:2845,4
DA:2846,4
DA:2847,4
DA:2848,4
DA:2849,4
DA:2850,4
DA:2851,4
DA:2852,4
DA:2853,4
DA:2854,4
DA:2855,4
DA:2856,4
DA:2857,4
DA:2858,4
DA:2859,4
DA:2860,4
DA:2861,4
DA:2862,4
DA:2863,4
DA:2864,4
DA:2865,4
DA:2866,4
DA:2867,4
DA:2868,4
DA:2869,4
DA:2870,4
DA:2871,4
DA:2872,4
DA:2873,4
DA:2874,4
DA:2875,4
DA:2876,4
DA:2877,4
DA:2878,4
DA:2879,4
DA:2880,4
DA:2881,4
DA:2882,4
DA:2883,4
DA:2884,4
DA:2885,4
DA:2886,4
DA:2887,4
DA:2888,4
DA:2889,4
DA:2890,4
DA:2891,4
DA:2892,4
DA:2893,4
DA:2894,4
DA:2895,4
DA:2896,4
DA:2897,4
DA:2898,4
DA:2899,4
DA:2900,4
DA:2901,4
DA:2902,4
DA:2903,4
DA:2904,4
DA:2905,4
DA:2906,4
DA:2907,4
DA:2908,4
DA:2909,4
DA:2910,4
DA:2911,4
DA:2912,4
DA:2913,4
DA:2914,4
DA:2915,4
DA:2916,4
DA:2917,4
DA:2918,4
DA:2919,4
DA:2920,4
DA:2921,4
DA:2922,4
DA:2923,4
DA:2924,4
DA:2925,4
DA:2926,4
DA:2927,4
DA:2928,4
DA:2929,4
DA:2930,4
DA:2931,4
DA:2932,4
DA:2933,4
DA:2934,4
DA:2935,4
DA:2936,4
DA:2937,4
DA:2938,4
DA:2939,4
DA:2940,4
DA:2941,4
DA:2942,4
DA:2943,4
DA:2944,4
DA:2945,4
DA:2946,4
DA:2947,4
DA:2948,4
DA:2949,4
DA:2950,4
DA:2951,4
DA:2952,4
DA:2953,4
DA:2954,4
DA:2955,4
DA:2956,4
DA:2957,4
DA:2958,4
DA:2959,4
DA:2960,4
DA:2961,4
DA:2962,4
DA:2963,4
DA:2964,4
DA:2965,4
DA:2966,4
DA:2967,4
DA:2968,4
DA:2969,4
DA:2970,4
DA:2971,4
DA:2972,4
DA:2973,4
DA:2974,4
DA:2975,4
DA:2976,4
DA:2977,4
DA:2978,4
DA:2979,4
DA:2980,4
DA:2981,4
DA:2982,4
DA:2983,4
DA:2984,4
DA:2985,4
DA:2986,4
DA:2987,4
DA:2988,4
DA:2989,4
DA:2990,4
DA:2991,4
DA:2992,4
DA:2993,4
DA:2994,4
DA:2995,4
DA:2996,4
DA:2997,4
DA:2998,4
DA:2999,4
DA:3000,4
DA:3001,4
DA:3002,4
DA:3003,4
DA:3004,4
DA:3005,0
DA:3006,0
DA:3007,0
DA:3008,0
DA:3009,0
DA:3010,0
DA:3011,0
DA:3012,0
DA:3013,0
DA:3014,0
DA:3015,0
DA:3016,0
DA:3017,0
DA:3018,0
DA:3019,0
DA:3020,0
DA:3021,0
DA:3022,0
DA:3023,0
DA:3024,0
DA:3025,0
DA:3026,0
DA:3027,0
DA:3028,0
DA:3029,0
DA:3030,0
DA:3031,0
DA:3032,0
DA:3033,0
DA:3034,0
DA:3035,0
DA:3036,0
DA:3037,0
DA:3038,0
DA:3039,0
DA:3040,0
DA:3041,0
DA:3042,0
DA:3043,0
DA:3044,0
DA:3045,0
DA:3046,0
DA:3047,0
DA:3048,0
DA:3049,0
DA:3050,0
DA:3051,0
DA:3052,0
DA:3053,0
DA:3054,0
DA:3055,0
DA:3056,0
DA:3057,0
DA:3058,0
DA:3059,0
DA:3060,0
DA:3061,0
DA:3062,0
DA:3063,0
DA:3064,0
DA:3065,0
DA:3066,0
DA:3067,0
DA:3068,0
DA:3069,0
DA:3070,0
DA:3071,0
DA:3072,0
DA:3073,0
DA:3074,0
DA:3075,0
DA:3076,0
DA:3077,0
DA:3078,0
DA:3079,0
DA:3080,0
DA:3081,0
DA:3082,0
DA:3083,0
DA:3084,0
DA:3085,0
DA:3086,0
DA:3087,0
DA:3088,0
DA:3089,0
DA:3090,0
DA:3091,0
DA:3092,0
DA:3093,0
DA:3094,0
DA:3095,0
DA:3096,0
DA:3097,0
DA:3098,0
DA:3099,0
DA:3100,0
DA:3101,0
DA:3102,0
DA:3103,0
DA:3104,0
DA:3105,0
DA:3106,0
DA:3107,0
DA:3108,0
DA:3109,0
DA:3110,0
DA:3111,0
DA:3112,0
DA:3113,0
DA:3114,0
DA:3115,0
DA:3116,0
DA:3117,0
DA:3118,0
DA:3119,0
DA:3120,0
DA:3121,0
DA:3122,0
DA:3123,0
DA:3124,0
DA:3125,0
DA:3126,0
DA:3127,0
DA:3128,4
DA:3129,4
DA:3130,4
DA:3131,4
DA:3132,4
DA:3133,4
DA:3134,4
DA:3135,4
DA:3136,4
DA:3137,4
DA:3138,4
DA:3139,4
DA:3140,4
DA:3141,4
DA:3142,4
DA:3143,4
DA:3144,4
DA:3145,4
DA:3146,4
DA:3147,4
DA:3148,4
DA:3149,4
DA:3150,4
DA:3151,4
DA:3152,4
DA:3153,4
DA:3154,4
DA:3155,4
DA:3156,4
DA:3157,4
DA:3158,4
DA:3159,4
DA:3160,4
DA:3161,4
DA:3162,4
DA:3163,4
DA:3164,4
DA:3165,4
DA:3166,4
DA:3167,4
DA:3168,4
DA:3169,4
DA:3170,4
DA:3171,4
DA:3172,4
DA:3173,4
DA:3174,4
DA:3175,4
DA:3176,4
DA:3177,4
DA:3178,4
DA:3179,4
DA:3180,4
DA:3181,4
DA:3182,4
DA:3183,4
DA:3184,4
DA:3185,4
DA:3186,4
DA:3187,4
DA:3188,4
DA:3189,4
DA:3190,4
DA:3191,4
DA:3192,4
DA:3193,4
DA:3194,4
DA:3195,4
DA:3196,4
DA:3197,4
DA:3198,4
DA:3199,4
DA:3200,0
DA:3201,0
DA:3202,0
DA:3203,0
DA:3204,0
DA:3205,0
DA:3206,0
DA:3207,0
DA:3208,0
DA:3209,0
DA:3210,0
DA:3211,4
DA:3212,4
DA:3213,4
DA:3214,4
DA:3215,4
DA:3216,4
DA:3217,4
DA:3218,4
DA:3219,4
DA:3220,4
DA:3221,4
DA:3222,4
DA:3223,4
DA:3224,4
DA:3225,4
DA:3226,4
DA:3227,4
DA:3228,4
DA:3229,4
DA:3230,4
DA:3231,4
DA:3232,4
DA:3233,4
DA:3234,4
DA:3235,4
DA:3236,4
DA:3237,4
DA:3238,0
DA:3239,4
DA:3240,4
DA:3241,4
DA:3242,4
DA:3243,4
DA:3244,4
DA:3245,4
DA:3246,4
DA:3247,4
DA:3248,4
DA:3249,4
DA:3250,4
DA:3251,4
DA:3252,4
DA:3253,4
DA:3254,4
DA:3255,4
DA:3256,4
DA:3257,4
DA:3258,4
DA:3259,4
DA:3260,4
DA:3261,4
DA:3262,4
DA:3263,4
DA:3264,4
DA:3265,4
DA:3266,4
DA:3267,4
DA:3268,4
DA:3269,4
DA:3270,4
DA:3271,4
DA:3272,4
DA:3273,4
DA:3274,4
DA:3275,4
DA:3276,4
DA:3277,4
DA:3278,4
DA:3279,4
DA:3280,0
DA:3281,0
DA:3282,0
DA:3283,0
DA:3284,0
DA:3285,0
DA:3286,0
DA:3287,0
DA:3288,0
DA:3289,4
DA:3290,4
DA:3291,4
DA:3292,4
DA:3293,4
DA:3294,4
DA:3295,4
DA:3296,4
DA:3297,4
DA:3298,4
DA:3299,4
DA:3300,4
DA:3301,4
DA:3302,4
DA:3303,4
DA:3304,4
DA:3305,4
DA:3306,4
DA:3307,4
DA:3308,4
DA:3309,4
DA:3310,4
DA:3311,4
DA:3312,4
DA:3313,4
DA:3314,4
DA:3315,4
DA:3316,4
DA:3317,4
DA:3318,4
DA:3319,4
DA:3320,4
DA:3321,4
DA:3322,4
DA:3323,4
DA:3324,4
DA:3325,4
DA:3326,4
DA:3327,4
DA:3328,4
DA:3329,4
DA:3330,4
DA:3331,4
DA:3332,4
DA:3333,4
DA:3334,0
DA:3335,0
DA:3336,0
DA:3337,0
DA:3338,0
DA:3339,0
DA:3340,0
DA:3341,0
DA:3342,0
DA:3343,0
DA:3344,0
DA:3345,0
DA:3346,0
DA:3347,0
DA:3348,0
DA:3349,0
DA:3350,0
DA:3351,0
DA:3352,0
DA:3353,0
DA:3354,4
DA:3355,4
DA:3356,4
DA:3357,4
DA:3358,4
DA:3359,4
DA:3360,4
DA:3361,4
DA:3362,0
DA:3363,0
DA:3364,0
DA:3365,0
DA:3366,0
DA:3367,0
DA:3368,0
DA:3369,0
DA:3370,0
DA:3371,0
DA:3372,0
DA:3373,0
DA:3374,0
DA:3375,0
DA:3376,0
DA:3377,0
DA:3378,0
DA:3379,0
DA:3380,0
DA:3381,0
DA:3382,0
DA:3383,0
DA:3384,0
DA:3385,4
DA:3386,4
DA:3387,4
DA:3388,4
DA:3389,4
DA:3390,4
DA:3391,4
DA:3392,4
DA:3393,4
DA:3394,4
DA:3395,4
DA:3396,4
DA:3397,4
DA:3398,4
DA:3399,4
DA:3400,4
DA:3401,4
DA:3402,4
DA:3403,4
DA:3404,4
DA:3405,4
DA:3406,4
DA:3407,4
DA:3408,4
DA:3409,4
DA:3410,4
DA:3411,4
DA:3412,4
DA:3413,4
DA:3414,4
DA:3415,4
DA:3416,4
DA:3417,4
DA:3418,4
DA:3419,4
DA:3420,4
DA:3421,4
DA:3422,4
DA:3423,4
DA:3424,4
DA:3425,4
DA:3426,4
DA:3427,4
DA:3428,4
DA:3429,4
DA:3430,4
DA:3431,4
DA:3432,4
DA:3433,4
DA:3434,4
DA:3435,4
DA:3436,4
DA:3437,4
DA:3438,4
DA:3439,4
DA:3440,4
DA:3441,4
DA:3442,4
DA:3443,4
DA:3444,4
DA:3445,4
DA:3446,4
DA:3447,4
DA:3448,4
DA:3449,4
DA:3450,4
DA:3451,4
DA:3452,4
DA:3453,4
DA:3454,4
DA:3455,4
DA:3456,4
DA:3457,4
DA:3458,4
DA:3459,0
DA:3460,0
DA:3461,0
DA:3462,0
DA:3463,0
DA:3464,0
DA:3465,0
DA:3466,0
DA:3467,0
DA:3468,0
DA:3469,0
DA:3470,0
DA:3471,0
DA:3472,0
DA:3473,0
DA:3474,0
DA:3475,0
DA:3476,0
DA:3477,0
DA:3478,0
DA:3479,0
DA:3480,0
DA:3481,0
DA:3482,0
DA:3483,0
DA:3484,0
DA:3485,0
DA:3486,0
DA:3487,0
DA:3488,0
DA:3489,0
DA:3490,0
DA:3491,4
DA:3492,4
DA:3493,4
DA:3494,4
DA:3495,4
DA:3496,4
DA:3497,4
DA:3498,4
DA:3499,4
DA:3500,4
DA:3501,4
DA:3502,4
DA:3503,4
DA:3504,4
DA:3505,4
DA:3506,4
DA:3507,4
DA:3508,4
DA:3509,4
DA:3510,4
DA:3511,4
DA:3512,4
DA:3513,4
DA:3514,4
DA:3515,4
DA:3516,4
DA:3517,4
DA:3518,4
DA:3519,4
DA:3520,4
DA:3521,4
DA:3522,4
DA:3523,4
DA:3524,4
DA:3525,4
DA:3526,4
DA:3527,4
DA:3528,4
DA:3529,4
DA:3530,4
DA:3531,4
DA:3532,4
DA:3533,0
DA:3534,0
DA:3535,0
DA:3536,0
DA:3537,0
DA:3538,0
DA:3539,0
DA:3540,0
DA:3541,0
DA:3542,0
DA:3543,0
DA:3544,0
DA:3545,0
DA:3546,0
DA:3547,0
DA:3548,0
DA:3549,0
DA:3550,0
DA:3551,0
DA:3552,0
DA:3553,0
DA:3554,0
DA:3555,0
DA:3556,0
DA:3557,0
DA:3558,0
DA:3559,0
DA:3560,0
DA:3561,0
DA:3562,0
DA:3563,0
DA:3564,0
DA:3565,4
DA:3566,4
DA:3567,4
DA:3568,4
DA:3569,4
DA:3570,4
DA:3571,4
DA:3572,4
DA:3573,4
DA:3574,4
DA:3575,4
DA:3576,4
DA:3577,4
DA:3578,4
DA:3579,4
DA:3580,4
DA:3581,4
DA:3582,4
DA:3583,4
DA:3584,4
DA:3585,4
DA:3586,4
DA:3587,4
DA:3588,4
DA:3589,4
DA:3590,4
DA:3591,4
DA:3592,4
DA:3593,4
DA:3594,4
DA:3595,4
DA:3596,4
DA:3597,4
DA:3598,4
DA:3599,4
DA:3600,4
DA:3601,4
DA:3602,4
DA:3603,4
DA:3604,4
DA:3605,4
DA:3606,4
DA:3607,4
DA:3608,4
DA:3609,4
DA:3610,4
DA:3611,4
DA:3612,4
DA:3613,4
DA:3614,4
DA:3615,4
DA:3616,4
DA:3617,4
DA:3618,4
DA:3619,4
DA:3620,4
DA:3621,4
DA:3622,4
DA:3623,4
DA:3624,4
DA:3625,4
DA:3626,4
DA:3627,4
DA:3628,4
DA:3629,4
DA:3630,4
DA:3631,4
DA:3632,4
DA:3633,4
DA:3634,4
DA:3635,4
DA:3636,4
DA:3637,4
DA:3638,4
DA:3639,4
DA:3640,4
DA:3641,4
DA:3642,4
DA:3643,4
DA:3644,4
DA:3645,4
DA:3646,4
DA:3647,4
DA:3648,4
DA:3649,4
DA:3650,4
DA:3651,4
DA:3652,4
DA:3653,4
DA:3654,4
DA:3655,4
DA:3656,4
DA:3657,4
DA:3658,4
DA:3659,4
DA:3660,4
DA:3661,4
DA:3662,4
DA:3663,4
DA:3664,4
DA:3665,4
DA:3666,4
DA:3667,4
DA:3668,0
DA:3669,0
DA:3670,0
DA:3671,0
DA:3672,0
DA:3673,0
DA:3674,0
DA:3675,0
DA:3676,0
DA:3677,0
DA:3678,0
DA:3679,0
DA:3680,0
DA:3681,0
DA:3682,0
DA:3683,0
DA:3684,0
DA:3685,0
DA:3686,0
DA:3687,0
DA:3688,0
DA:3689,0
DA:3690,0
DA:3691,0
DA:3692,0
DA:3693,0
DA:3694,0
DA:3695,0
DA:3696,0
DA:3697,0
DA:3698,0
DA:3699,4
DA:3700,4
DA:3701,4
DA:3702,4
DA:3703,4
DA:3704,4
DA:3705,4
DA:3706,4
DA:3707,4
DA:3708,4
DA:3709,4
DA:3710,4
DA:3711,4
DA:3712,4
DA:3713,4
DA:3714,4
DA:3715,4
DA:3716,4
DA:3717,4
DA:3718,4
DA:3719,4
DA:3720,4
DA:3721,4
DA:3722,4
DA:3723,4
DA:3724,4
DA:3725,4
DA:3726,4
DA:3727,4
DA:3728,4
DA:3729,4
DA:3730,4
DA:3731,4
DA:3732,4
DA:3733,4
DA:3734,4
DA:3735,4
DA:3736,4
DA:3737,4
DA:3738,4
DA:3739,4
DA:3740,4
DA:3741,4
DA:3742,4
DA:3743,4
DA:3744,4
DA:3745,4
DA:3746,4
DA:3747,4
DA:3748,4
DA:3749,4
DA:3750,4
DA:3751,4
DA:3752,4
DA:3753,4
DA:3754,4
DA:3755,4
DA:3756,4
DA:3757,4
DA:3758,4
DA:3759,4
DA:3760,4
DA:3761,4
DA:3762,4
DA:3763,4
DA:3764,4
DA:3765,4
DA:3766,4
DA:3767,4
DA:3768,4
DA:3769,4
DA:3770,4
DA:3771,4
DA:3772,4
DA:3773,4
DA:3774,4
DA:3775,4
DA:3776,4
DA:3777,4
DA:3778,4
DA:3779,4
DA:3780,4
DA:3781,4
DA:3782,4
DA:3783,4
DA:3784,4
DA:3785,0
DA:3786,0
DA:3787,0
DA:3788,0
DA:3789,0
DA:3790,0
DA:3791,0
DA:3792,0
DA:3793,0
DA:3794,0
DA:3795,0
DA:3796,0
DA:3797,0
DA:3798,0
DA:3799,0
DA:3800,0
DA:3801,0
DA:3802,0
DA:3803,0
DA:3804,0
DA:3805,0
DA:3806,0
DA:3807,0
DA:3808,0
DA:3809,0
DA:3810,0
DA:3811,0
DA:3812,0
DA:3813,0
DA:3814,0
DA:3815,0
DA:3816,0
DA:3817,0
DA:3818,4
DA:3819,4
DA:3820,4
DA:3821,4
DA:3822,4
DA:3823,4
DA:3824,4
DA:3825,4
DA:3826,4
DA:3827,4
DA:3828,4
DA:3829,4
DA:3830,4
DA:3831,4
DA:3832,4
DA:3833,4
DA:3834,4
DA:3835,4
DA:3836,4
DA:3837,4
DA:3838,4
DA:3839,4
DA:3840,4
DA:3841,4
DA:3842,4
DA:3843,4
DA:3844,4
DA:3845,4
DA:3846,4
DA:3847,4
DA:3848,4
DA:3849,4
DA:3850,4
DA:3851,4
DA:3852,4
DA:3853,4
DA:3854,4
DA:3855,4
DA:3856,4
DA:3857,4
DA:3858,4
DA:3859,4
DA:3860,4
DA:3861,4
DA:3862,4
DA:3863,4
DA:3864,4
DA:3865,4
DA:3866,4
DA:3867,4
DA:3868,4
DA:3869,4
DA:3870,4
DA:3871,4
DA:3872,4
DA:3873,4
DA:3874,4
DA:3875,4
DA:3876,4
DA:3877,4
DA:3878,4
DA:3879,4
DA:3880,4
DA:3881,4
DA:3882,4
DA:3883,4
DA:3884,4
DA:3885,4
DA:3886,4
DA:3887,4
DA:3888,4
DA:3889,4
DA:3890,4
DA:3891,4
DA:3892,4
DA:3893,4
DA:3894,4
DA:3895,4
DA:3896,4
DA:3897,4
DA:3898,4
DA:3899,4
DA:3900,4
DA:3901,4
DA:3902,4
DA:3903,4
DA:3904,0
DA:3905,0
DA:3906,0
DA:3907,0
DA:3908,0
DA:3909,0
DA:3910,0
DA:3911,0
DA:3912,0
DA:3913,0
DA:3914,0
DA:3915,0
DA:3916,0
DA:3917,0
DA:3918,0
DA:3919,0
DA:3920,0
DA:3921,0
DA:3922,0
DA:3923,0
DA:3924,0
DA:3925,0
DA:3926,0
DA:3927,0
DA:3928,0
DA:3929,0
DA:3930,0
DA:3931,0
DA:3932,0
DA:3933,0
DA:3934,0
DA:3935,0
DA:3936,0
DA:3937,4
DA:3938,4
DA:3939,4
DA:3940,4
DA:3941,4
DA:3942,4
DA:3943,4
DA:3944,4
DA:3945,4
DA:3946,4
DA:3947,4
DA:3948,4
DA:3949,4
DA:3950,4
DA:3951,4
DA:3952,4
DA:3953,4
DA:3954,4
DA:3955,4
DA:3956,4
DA:3957,4
DA:3958,4
DA:3959,4
DA:3960,4
DA:3961,4
DA:3962,4
DA:3963,4
DA:3964,4
DA:3965,4
DA:3966,4
DA:3967,4
DA:3968,4
DA:3969,4
DA:3970,4
DA:3971,4
DA:3972,4
DA:3973,4
DA:3974,4
DA:3975,4
DA:3976,4
DA:3977,4
DA:3978,4
DA:3979,4
DA:3980,4
DA:3981,4
DA:3982,4
DA:3983,4
DA:3984,4
DA:3985,4
DA:3986,4
DA:3987,4
DA:3988,4
DA:3989,4
DA:3990,4
DA:3991,4
DA:3992,4
DA:3993,4
DA:3994,4
DA:3995,4
DA:3996,4
DA:3997,4
DA:3998,4
DA:3999,4
DA:4000,4
DA:4001,4
DA:4002,4
DA:4003,4
DA:4004,4
DA:4005,4
DA:4006,4
DA:4007,4
DA:4008,4
DA:4009,4
DA:4010,0
DA:4011,0
DA:4012,0
DA:4013,0
DA:4014,0
DA:4015,0
DA:4016,0
DA:4017,0
DA:4018,0
DA:4019,0
DA:4020,0
DA:4021,0
DA:4022,0
DA:4023,0
DA:4024,0
DA:4025,0
DA:4026,0
DA:4027,0
DA:4028,0
DA:4029,4
DA:4030,4
DA:4031,4
DA:4032,4
DA:4033,4
DA:4034,4
DA:4035,4
DA:4036,4
DA:4037,4
DA:4038,4
DA:4039,4
DA:4040,4
DA:4041,4
DA:4042,4
DA:4043,4
DA:4044,4
DA:4045,4
DA:4046,4
DA:4047,4
DA:4048,4
DA:4049,4
DA:4050,4
DA:4051,4
DA:4052,4
DA:4053,4
DA:4054,4
DA:4055,4
DA:4056,4
DA:4057,4
DA:4058,4
DA:4059,4
DA:4060,4
DA:4061,4
DA:4062,4
DA:4063,0
DA:4064,0
DA:4065,0
DA:4066,0
DA:4067,0
DA:4068,0
DA:4069,0
DA:4070,0
DA:4071,0
DA:4072,0
DA:4073,0
DA:4074,0
DA:4075,0
DA:4076,4
DA:4077,4
DA:4078,4
DA:4079,4
DA:4080,4
DA:4081,4
DA:4082,4
DA:4083,4
DA:4084,4
DA:4085,4
DA:4086,4
DA:4087,4
DA:4088,4
DA:4089,4
DA:4090,4
DA:4091,4
DA:4092,4
DA:4093,4
DA:4094,4
DA:4095,4
DA:4096,4
DA:4097,4
DA:4098,4
DA:4099,4
DA:4100,4
DA:4101,4
DA:4102,4
DA:4103,4
DA:4104,4
DA:4105,4
DA:4106,4
DA:4107,4
DA:4108,0
DA:4109,0
DA:4110,0
DA:4111,0
DA:4112,0
DA:4113,0
DA:4114,0
DA:4115,0
DA:4116,0
DA:4117,0
DA:4118,0
DA:4119,0
DA:4120,0
DA:4121,4
DA:4122,4
DA:4123,4
DA:4124,4
DA:4125,4
DA:4126,4
DA:4127,4
DA:4128,4
DA:4129,4
DA:4130,4
DA:4131,4
DA:4132,4
DA:4133,4
DA:4134,4
DA:4135,4
DA:4136,4
DA:4137,4
DA:4138,4
DA:4139,4
DA:4140,4
DA:4141,4
DA:4142,4
DA:4143,4
DA:4144,4
DA:4145,4
DA:4146,4
DA:4147,4
DA:4148,4
DA:4149,4
DA:4150,0
DA:4151,0
DA:4152,0
DA:4153,0
DA:4154,0
DA:4155,0
DA:4156,0
DA:4157,0
DA:4158,0
DA:4159,0
DA:4160,0
DA:4161,0
DA:4162,0
DA:4163,4
DA:4164,4
DA:4165,4
DA:4166,4
DA:4167,4
DA:4168,4
DA:4169,4
DA:4170,4
DA:4171,4
DA:4172,4
DA:4173,4
DA:4174,4
DA:4175,4
DA:4176,4
DA:4177,4
DA:4178,4
DA:4179,4
DA:4180,4
DA:4181,4
DA:4182,4
DA:4183,4
DA:4184,4
DA:4185,4
DA:4186,4
DA:4187,4
DA:4188,4
DA:4189,4
DA:4190,4
DA:4191,4
DA:4192,4
DA:4193,4
DA:4194,4
DA:4195,4
DA:4196,4
DA:4197,4
DA:4198,4
DA:4199,4
DA:4200,4
DA:4201,4
DA:4202,4
DA:4203,4
DA:4204,4
DA:4205,4
DA:4206,4
DA:4207,4
DA:4208,4
DA:4209,4
DA:4210,4
DA:4211,4
DA:4212,4
DA:4213,4
DA:4214,4
DA:4215,4
DA:4216,0
DA:4217,0
DA:4218,0
DA:4219,0
DA:4220,0
DA:4221,0
DA:4222,4
DA:4223,4
DA:4224,4
DA:4225,4
DA:4226,4
DA:4227,4
DA:4228,4
DA:4229,4
DA:4230,4
DA:4231,4
DA:4232,4
DA:4233,4
DA:4234,4
DA:4235,4
DA:4236,4
DA:4237,4
DA:4238,4
DA:4239,4
DA:4240,4
DA:4241,4
DA:4242,4
DA:4243,4
DA:4244,4
DA:4245,4
DA:4246,4
DA:4247,4
DA:4248,4
DA:4249,4
DA:4250,4
DA:4251,4
DA:4252,4
DA:4253,4
DA:4254,4
DA:4255,4
DA:4256,4
DA:4257,4
DA:4258,4
DA:4259,4
DA:4260,4
DA:4261,0
DA:4262,0
DA:4263,0
DA:4264,0
DA:4265,0
DA:4266,4
DA:4267,4
DA:4268,4
DA:4269,4
DA:4270,4
DA:4271,4
DA:4272,4
DA:4273,4
DA:4274,4
DA:4275,4
DA:4276,4
DA:4277,4
DA:4278,4
DA:4279,4
DA:4280,4
DA:4281,4
DA:4282,4
DA:4283,4
DA:4284,4
DA:4285,4
DA:4286,4
DA:4287,4
DA:4288,4
DA:4289,4
DA:4290,4
DA:4291,4
DA:4292,0
DA:4293,0
DA:4294,0
DA:4295,0
DA:4296,0
DA:4297,0
DA:4298,0
DA:4299,0
DA:4300,0
DA:4301,0
DA:4302,0
DA:4303,0
DA:4304,0
DA:4305,4
DA:4306,4
DA:4307,4
DA:4308,4
DA:4309,4
DA:4310,4
DA:4311,4
DA:4312,4
DA:4313,4
DA:4314,4
DA:4315,4
DA:4316,4
DA:4317,4
DA:4318,4
DA:4319,4
DA:4320,4
DA:4321,4
DA:4322,4
DA:4323,4
DA:4324,0
DA:4325,4
DA:4326,4
DA:4327,4
DA:4328,4
DA:4329,4
DA:4330,4
DA:4331,4
DA:4332,4
DA:4333,4
DA:4334,4
DA:4335,4
DA:4336,4
DA:4337,4
DA:4338,4
DA:4339,4
DA:4340,4
DA:4341,4
DA:4342,4
DA:4343,4
DA:4344,0
DA:4345,4
DA:4346,4
DA:4347,4
DA:4348,4
DA:4349,4
DA:4350,4
DA:4351,4
DA:4352,4
DA:4353,4
DA:4354,4
DA:4355,4
DA:4356,4
DA:4357,4
DA:4358,4
DA:4359,4
DA:4360,4
DA:4361,4
DA:4362,4
DA:4363,0
DA:4364,0
DA:4365,0
DA:4366,0
DA:4367,0
DA:4368,0
DA:4369,0
DA:4370,0
DA:4371,0
DA:4372,4
DA:4373,4
DA:4374,4
DA:4375,4
DA:4376,4
DA:4377,4
DA:4378,4
DA:4379,4
DA:4380,4
DA:4381,4
DA:4382,4
DA:4383,4
DA:4384,4
DA:4385,4
DA:4386,4
DA:4387,4
DA:4388,4
DA:4389,4
DA:4390,4
DA:4391,0
DA:4392,0
DA:4393,0
DA:4394,0
DA:4395,0
DA:4396,0
DA:4397,0
DA:4398,0
DA:4399,0
DA:4400,4
DA:4401,4
DA:4402,4
DA:4403,4
DA:4404,4
DA:4405,4
DA:4406,4
DA:4407,4
DA:4408,4
DA:4409,4
DA:4410,4
DA:4411,4
DA:4412,4
DA:4413,4
DA:4414,4
DA:4415,4
DA:4416,4
DA:4417,4
DA:4418,4
DA:4419,0
DA:4420,4
DA:4421,4
DA:4422,4
DA:4423,4
DA:4424,4
DA:4425,4
DA:4426,4
DA:4427,4
DA:4428,4
DA:4429,4
DA:4430,4
DA:4431,4
DA:4432,4
DA:4433,4
DA:4434,4
DA:4435,4
DA:4436,4
DA:4437,4
DA:4438,0
DA:4439,4
DA:4440,4
DA:4441,4
DA:4442,4
DA:4443,4
DA:4444,4
DA:4445,4
DA:4446,4
DA:4447,4
DA:4448,4
DA:4449,4
DA:4450,4
DA:4451,4
DA:4452,4
DA:4453,4
DA:4454,4
DA:4455,4
DA:4456,4
DA:4457,4
DA:4458,0
DA:4459,4
DA:4460,4
DA:4461,4
DA:4462,4
DA:4463,4
DA:4464,4
DA:4465,4
DA:4466,4
DA:4467,4
DA:4468,4
DA:4469,4
DA:4470,4
DA:4471,4
DA:4472,4
DA:4473,4
DA:4474,4
DA:4475,4
DA:4476,4
DA:4477,0
DA:4478,4
DA:4479,4
DA:4480,4
DA:4481,4
DA:4482,4
DA:4483,4
DA:4484,4
DA:4485,4
DA:4486,4
DA:4487,4
DA:4488,4
DA:4489,4
DA:4490,4
DA:4491,4
DA:4492,4
DA:4493,4
DA:4494,4
DA:4495,4
DA:4496,0
DA:4497,4
DA:4498,4
DA:4499,4
DA:4500,4
DA:4501,4
DA:4502,4
DA:4503,4
DA:4504,4
DA:4505,4
DA:4506,4
DA:4507,4
DA:4508,4
DA:4509,4
DA:4510,4
DA:4511,4
DA:4512,4
DA:4513,4
DA:4514,4
DA:4515,4
DA:4516,0
DA:4517,4
DA:4518,4
DA:4519,4
DA:4520,4
DA:4521,4
DA:4522,4
DA:4523,4
DA:4524,4
DA:4525,4
DA:4526,4
DA:4527,4
DA:4528,4
DA:4529,4
DA:4530,4
DA:4531,4
DA:4532,4
DA:4533,4
DA:4534,4
DA:4535,0
DA:4536,4
DA:4537,4
DA:4538,4
DA:4539,4
DA:4540,4
DA:4541,4
DA:4542,4
DA:4543,4
DA:4544,4
DA:4545,4
DA:4546,4
DA:4547,4
DA:4548,4
DA:4549,4
DA:4550,4
DA:4551,4
DA:4552,4
DA:4553,4
DA:4554,4
DA:4555,0
DA:4556,4
DA:4557,4
DA:4558,4
DA:4559,4
DA:4560,4
DA:4561,4
DA:4562,4
DA:4563,4
DA:4564,4
DA:4565,4
DA:4566,4
DA:4567,4
DA:4568,4
DA:4569,4
DA:4570,4
DA:4571,4
DA:4572,4
DA:4573,4
DA:4574,0
DA:4575,4
DA:4576,4
DA:4577,4
DA:4578,4
DA:4579,4
DA:4580,4
DA:4581,4
DA:4582,4
DA:4583,4
DA:4584,4
DA:4585,4
DA:4586,4
DA:4587,4
DA:4588,4
DA:4589,4
DA:4590,4
DA:4591,4
DA:4592,4
DA:4593,0
DA:4594,4
DA:4595,4
DA:4596,4
DA:4597,4
DA:4598,4
DA:4599,4
DA:4600,4
DA:4601,4
DA:4602,4
DA:4603,4
DA:4604,4
DA:4605,4
DA:4606,4
DA:4607,4
DA:4608,4
DA:4609,4
DA:4610,4
DA:4611,4
DA:4612,0
DA:4613,4
DA:4614,4
DA:4615,4
DA:4616,4
DA:4617,4
DA:4618,4
DA:4619,4
DA:4620,4
DA:4621,4
DA:4622,4
DA:4623,4
DA:4624,4
DA:4625,4
DA:4626,4
DA:4627,4
DA:4628,4
DA:4629,4
DA:4630,4
DA:4631,0
DA:4632,4
DA:4633,4
DA:4634,4
DA:4635,4
DA:4636,4
DA:4637,4
DA:4638,4
DA:4639,4
DA:4640,4
DA:4641,4
DA:4642,4
DA:4643,4
DA:4644,4
DA:4645,4
DA:4646,4
DA:4647,4
DA:4648,4
DA:4649,0
DA:4650,4
DA:4651,4
DA:4652,4
DA:4653,4
DA:4654,4
DA:4655,4
DA:4656,4
DA:4657,4
DA:4658,4
DA:4659,4
DA:4660,4
DA:4661,4
DA:4662,4
DA:4663,4
DA:4664,4
DA:4665,4
DA:4666,4
DA:4667,4
DA:4668,0
DA:4669,4
DA:4670,4
DA:4671,4
DA:4672,4
DA:4673,4
DA:4674,4
DA:4675,4
DA:4676,4
DA:4677,4
DA:4678,4
DA:4679,4
DA:4680,4
DA:4681,4
DA:4682,4
DA:4683,4
DA:4684,4
DA:4685,4
DA:4686,0
DA:4687,4
DA:4688,4
DA:4689,4
DA:4690,4
DA:4691,4
DA:4692,4
DA:4693,4
DA:4694,4
DA:4695,4
DA:4696,4
DA:4697,4
DA:4698,4
DA:4699,4
DA:4700,4
DA:4701,4
DA:4702,4
DA:4703,0
DA:4704,4
DA:4705,4
DA:4706,4
DA:4707,4
DA:4708,4
DA:4709,4
DA:4710,4
DA:4711,4
DA:4712,4
DA:4713,4
DA:4714,4
DA:4715,4
DA:4716,4
DA:4717,4
DA:4718,4
DA:4719,4
DA:4720,4
DA:4721,4
DA:4722,4
DA:4723,0
DA:4724,4
DA:4725,4
DA:4726,4
DA:4727,4
DA:4728,4
DA:4729,4
DA:4730,4
DA:4731,4
DA:4732,4
DA:4733,4
DA:4734,4
DA:4735,4
DA:4736,4
DA:4737,4
DA:4738,4
DA:4739,4
DA:4740,4
DA:4741,4
DA:4742,4
DA:4743,4
DA:4744,4
DA:4745,0
DA:4746,4
DA:4747,4
DA:4748,4
DA:4749,4
DA:4750,4
DA:4751,4
DA:4752,4
DA:4753,4
DA:4754,4
DA:4755,4
DA:4756,4
DA:4757,4
DA:4758,4
DA:4759,4
DA:4760,4
DA:4761,4
DA:4762,4
DA:4763,4
DA:4764,0
DA:4765,4
DA:4766,4
DA:4767,4
DA:4768,4
DA:4769,4
DA:4770,4
DA:4771,4
DA:4772,4
DA:4773,4
DA:4774,4
DA:4775,4
DA:4776,4
DA:4777,4
DA:4778,4
DA:4779,4
DA:4780,4
DA:4781,4
DA:4782,4
DA:4783,0
DA:4784,4
DA:4785,4
DA:4786,4
DA:4787,4
DA:4788,4
DA:4789,4
DA:4790,4
DA:4791,4
DA:4792,4
DA:4793,4
DA:4794,4
DA:4795,4
DA:4796,4
DA:4797,4
DA:4798,4
DA:4799,4
DA:4800,4
DA:4801,4
DA:4802,0
DA:4803,4
DA:4804,4
DA:4805,4
DA:4806,4
DA:4807,4
DA:4808,4
DA:4809,4
DA:4810,4
DA:4811,4
DA:4812,4
DA:4813,4
DA:4814,4
DA:4815,4
DA:4816,4
DA:4817,4
DA:4818,4
DA:4819,4
DA:4820,4
DA:4821,0
DA:4822,4
DA:4823,4
DA:4824,4
DA:4825,4
DA:4826,4
DA:4827,4
DA:4828,4
DA:4829,4
DA:4830,4
DA:4831,4
DA:4832,4
DA:4833,4
DA:4834,4
DA:4835,4
DA:4836,4
DA:4837,4
DA:4838,4
DA:4839,4
DA:4840,4
DA:4841,0
DA:4842,4
DA:4843,4
DA:4844,4
DA:4845,4
DA:4846,4
DA:4847,4
DA:4848,4
DA:4849,4
DA:4850,4
DA:4851,4
DA:4852,4
DA:4853,4
DA:4854,4
DA:4855,4
DA:4856,4
DA:4857,4
DA:4858,4
DA:4859,4
DA:4860,4
DA:4861,0
DA:4862,4
DA:4863,4
DA:4864,4
DA:4865,4
DA:4866,4
DA:4867,4
DA:4868,4
DA:4869,4
DA:4870,4
DA:4871,4
DA:4872,4
DA:4873,4
DA:4874,4
DA:4875,4
DA:4876,4
DA:4877,4
DA:4878,4
DA:4879,4
DA:4880,0
DA:4881,4
DA:4882,4
DA:4883,4
DA:4884,4
DA:4885,4
DA:4886,4
DA:4887,4
DA:4888,4
DA:4889,4
DA:4890,4
DA:4891,4
DA:4892,4
DA:4893,4
DA:4894,4
DA:4895,4
DA:4896,4
DA:4897,4
DA:4898,4
DA:4899,0
DA:4900,4
DA:4901,4
DA:4902,4
DA:4903,4
DA:4904,4
DA:4905,4
DA:4906,4
DA:4907,4
DA:4908,4
DA:4909,4
DA:4910,4
DA:4911,4
DA:4912,4
DA:4913,4
DA:4914,4
DA:4915,4
DA:4916,4
DA:4917,4
DA:4918,0
DA:4919,4
DA:4920,4
DA:4921,4
DA:4922,4
DA:4923,4
DA:4924,4
DA:4925,4
DA:4926,4
DA:4927,4
DA:4928,4
DA:4929,4
DA:4930,4
DA:4931,4
DA:4932,4
DA:4933,4
DA:4934,4
DA:4935,4
DA:4936,4
DA:4937,0
DA:4938,4
DA:4939,4
DA:4940,4
DA:4941,4
DA:4942,4
DA:4943,4
DA:4944,4
DA:4945,4
DA:4946,4
DA:4947,4
DA:4948,4
DA:4949,4
DA:4950,4
DA:4951,4
DA:4952,4
DA:4953,4
DA:4954,4
DA:4955,4
DA:4956,0
DA:4957,4
DA:4958,4
DA:4959,4
DA:4960,4
DA:4961,4
DA:4962,4
DA:4963,4
DA:4964,4
DA:4965,4
DA:4966,4
DA:4967,4
DA:4968,4
DA:4969,4
DA:4970,4
DA:4971,4
DA:4972,4
DA:4973,4
DA:4974,4
DA:4975,0
DA:4976,4
DA:4977,4
DA:4978,4
DA:4979,4
DA:4980,4
DA:4981,4
DA:4982,4
DA:4983,4
DA:4984,4
DA:4985,4
DA:4986,4
DA:4987,4
DA:4988,4
DA:4989,4
DA:4990,4
DA:4991,4
DA:4992,4
DA:4993,4
DA:4994,4
DA:4995,4
DA:4996,0
DA:4997,4
DA:4998,4
DA:4999,4
DA:5000,4
DA:5001,4
DA:5002,4
DA:5003,4
DA:5004,4
DA:5005,4
DA:5006,4
DA:5007,4
DA:5008,4
DA:5009,4
DA:5010,4
DA:5011,4
DA:5012,4
DA:5013,4
DA:5014,4
DA:5015,4
DA:5016,4
DA:5017,4
DA:5018,0
DA:5019,4
DA:5020,4
DA:5021,4
DA:5022,4
DA:5023,4
DA:5024,4
DA:5025,4
DA:5026,4
DA:5027,4
DA:5028,4
DA:5029,4
DA:5030,4
DA:5031,4
DA:5032,4
DA:5033,4
DA:5034,4
DA:5035,4
DA:5036,4
DA:5037,4
DA:5038,4
DA:5039,4
DA:5040,0
DA:5041,4
DA:5042,4
DA:5043,4
DA:5044,4
DA:5045,4
DA:5046,4
DA:5047,4
DA:5048,4
DA:5049,4
DA:5050,4
DA:5051,4
DA:5052,4
DA:5053,4
DA:5054,4
DA:5055,4
DA:5056,4
DA:5057,4
DA:5058,4
DA:5059,4
DA:5060,4
DA:5061,4
DA:5062,4
DA:5063,4
DA:5064,4
DA:5065,0
DA:5066,4
DA:5067,4
DA:5068,4
DA:5069,4
DA:5070,4
DA:5071,4
DA:5072,4
DA:5073,4
DA:5074,4
DA:5075,4
DA:5076,4
DA:5077,4
DA:5078,4
DA:5079,4
DA:5080,4
DA:5081,4
DA:5082,4
DA:5083,4
DA:5084,4
DA:5085,0
DA:5086,4
DA:5087,4
DA:5088,4
DA:5089,4
DA:5090,4
DA:5091,4
DA:5092,4
DA:5093,4
DA:5094,4
DA:5095,4
DA:5096,4
DA:5097,4
DA:5098,4
DA:5099,4
DA:5100,4
DA:5101,4
DA:5102,4
DA:5103,4
DA:5104,4
DA:5105,4
DA:5106,4
DA:5107,0
DA:5108,4
DA:5109,4
DA:5110,4
DA:5111,4
DA:5112,4
DA:5113,4
DA:5114,4
DA:5115,4
DA:5116,4
DA:5117,4
DA:5118,4
DA:5119,4
DA:5120,4
DA:5121,4
DA:5122,4
DA:5123,4
DA:5124,4
DA:5125,4
DA:5126,4
DA:5127,4
DA:5128,4
DA:5129,0
DA:5130,0
DA:5131,4
DA:5132,4
DA:5133,4
DA:5134,4
DA:5135,4
DA:5136,4
DA:5137,4
DA:5138,4
DA:5139,4
DA:5140,4
DA:5141,4
DA:5142,4
DA:5143,4
DA:5144,4
DA:5145,4
DA:5146,4
DA:5147,4
DA:5148,4
DA:5149,4
DA:5150,4
DA:5151,4
DA:5152,4
DA:5153,4
DA:5154,4
DA:5155,4
DA:5156,4
DA:5157,4
DA:5158,4
DA:5159,4
DA:5160,4
DA:5161,4
DA:5162,4
DA:5163,4
DA:5164,4
DA:5165,0
DA:5166,4
DA:5167,4
DA:5168,4
DA:5169,4
DA:5170,4
DA:5171,4
DA:5172,4
DA:5173,4
DA:5174,4
DA:5175,4
DA:5176,4
DA:5177,4
DA:5178,4
DA:5179,4
DA:5180,4
DA:5181,4
DA:5182,4
DA:5183,4
DA:5184,4
DA:5185,4
DA:5186,4
DA:5187,4
DA:5188,4
DA:5189,4
DA:5190,4
DA:5191,4
DA:5192,4
DA:5193,4
DA:5194,4
DA:5195,4
DA:5196,4
DA:5197,4
DA:5198,4
DA:5199,4
DA:5200,4
DA:5201,0
DA:5202,4
DA:5203,4
DA:5204,4
DA:5205,4
DA:5206,4
DA:5207,4
DA:5208,4
DA:5209,4
DA:5210,4
DA:5211,4
DA:5212,4
DA:5213,4
DA:5214,4
DA:5215,4
DA:5216,4
DA:5217,4
DA:5218,4
DA:5219,4
DA:5220,4
DA:5221,4
DA:5222,4
DA:5223,4
DA:5224,4
DA:5225,4
DA:5226,0
DA:5227,4
DA:5228,4
DA:5229,4
DA:5230,4
DA:5231,4
DA:5232,4
DA:5233,4
DA:5234,4
DA:5235,4
DA:5236,4
DA:5237,4
DA:5238,4
DA:5239,4
DA:5240,4
DA:5241,4
DA:5242,4
DA:5243,4
DA:5244,4
DA:5245,4
DA:5246,4
DA:5247,4
DA:5248,4
DA:5249,4
DA:5250,4
DA:5251,0
DA:5252,4
DA:5253,4
DA:5254,4
DA:5255,4
DA:5256,4
DA:5257,4
DA:5258,4
DA:5259,4
DA:5260,4
DA:5261,4
DA:5262,4
DA:5263,4
DA:5264,4
DA:5265,4
DA:5266,4
DA:5267,4
DA:5268,4
DA:5269,4
DA:5270,4
DA:5271,4
DA:5272,4
DA:5273,4
DA:5274,4
DA:5275,4
DA:5276,0
DA:5277,4
DA:5278,4
DA:5279,4
DA:5280,4
DA:5281,4
DA:5282,4
DA:5283,4
DA:5284,4
DA:5285,4
DA:5286,4
DA:5287,4
DA:5288,4
DA:5289,4
DA:5290,4
DA:5291,4
DA:5292,4
DA:5293,4
DA:5294,4
DA:5295,4
DA:5296,4
DA:5297,4
DA:5298,4
DA:5299,4
DA:5300,4
DA:5301,0
DA:5302,0
DA:5303,4
DA:5304,4
DA:5305,4
DA:5306,4
DA:5307,4
DA:5308,4
DA:5309,4
DA:5310,4
DA:5311,4
DA:5312,4
DA:5313,4
DA:5314,4
DA:5315,4
DA:5316,4
DA:5317,4
DA:5318,4
DA:5319,4
DA:5320,4
DA:5321,4
DA:5322,4
DA:5323,4
DA:5324,4
DA:5325,4
DA:5326,4
DA:5327,0
DA:5328,0
DA:5329,4
DA:5330,4
DA:5331,4
DA:5332,4
DA:5333,4
DA:5334,4
DA:5335,4
DA:5336,4
DA:5337,4
DA:5338,4
DA:5339,4
DA:5340,4
DA:5341,4
DA:5342,4
DA:5343,4
DA:5344,4
DA:5345,4
DA:5346,4
DA:5347,4
DA:5348,4
DA:5349,4
DA:5350,4
DA:5351,4
DA:5352,4
DA:5353,0
DA:5354,0
DA:5355,4
DA:5356,4
DA:5357,4
DA:5358,4
DA:5359,4
DA:5360,4
DA:5361,4
DA:5362,4
DA:5363,4
DA:5364,4
DA:5365,4
DA:5366,4
DA:5367,4
DA:5368,4
DA:5369,4
DA:5370,4
DA:5371,4
DA:5372,4
DA:5373,4
DA:5374,4
DA:5375,0
DA:5376,4
DA:5377,4
DA:5378,4
DA:5379,4
DA:5380,4
DA:5381,4
DA:5382,4
DA:5383,4
DA:5384,4
DA:5385,4
DA:5386,4
DA:5387,4
DA:5388,4
DA:5389,4
DA:5390,4
DA:5391,4
DA:5392,4
DA:5393,4
DA:5394,4
DA:5395,4
DA:5396,4
DA:5397,4
DA:5398,0
DA:5399,4
DA:5400,4
DA:5401,4
DA:5402,4
DA:5403,4
DA:5404,4
DA:5405,4
DA:5406,4
DA:5407,4
DA:5408,4
DA:5409,4
DA:5410,4
DA:5411,4
DA:5412,4
DA:5413,4
DA:5414,4
DA:5415,4
DA:5416,4
DA:5417,4
DA:5418,4
DA:5419,0
DA:5420,0
DA:5421,4
DA:5422,4
DA:5423,4
DA:5424,4
DA:5425,4
DA:5426,4
DA:5427,4
DA:5428,4
DA:5429,4
DA:5430,4
DA:5431,4
DA:5432,4
DA:5433,4
DA:5434,4
DA:5435,4
DA:5436,4
DA:5437,4
DA:5438,4
DA:5439,4
DA:5440,4
DA:5441,0
DA:5442,0
DA:5443,4
DA:5444,4
DA:5445,4
DA:5446,4
DA:5447,4
DA:5448,4
DA:5449,4
DA:5450,4
DA:5451,4
DA:5452,4
DA:5453,4
DA:5454,4
DA:5455,4
DA:5456,4
DA:5457,4
DA:5458,4
DA:5459,4
DA:5460,4
DA:5461,0
DA:5462,4
DA:5463,4
DA:5464,4
DA:5465,4
DA:5466,4
DA:5467,4
DA:5468,4
DA:5469,4
DA:5470,4
DA:5471,4
DA:5472,4
DA:5473,4
DA:5474,4
DA:5475,4
DA:5476,4
DA:5477,4
DA:5478,4
DA:5479,4
DA:5480,0
DA:5481,4
DA:5482,4
DA:5483,4
DA:5484,4
DA:5485,4
DA:5486,4
DA:5487,4
DA:5488,4
DA:5489,4
DA:5490,4
DA:5491,4
DA:5492,4
DA:5493,4
DA:5494,4
DA:5495,4
DA:5496,4
DA:5497,4
DA:5498,4
DA:5499,4
DA:5500,4
DA:5501,0
DA:5502,4
DA:5503,4
DA:5504,4
DA:5505,4
DA:5506,4
DA:5507,4
DA:5508,4
DA:5509,4
DA:5510,4
DA:5511,4
DA:5512,4
DA:5513,4
DA:5514,4
DA:5515,4
DA:5516,4
DA:5517,4
DA:5518,4
DA:5519,4
DA:5520,4
DA:5521,0
DA:5522,0
DA:5523,4
DA:5524,4
DA:5525,4
DA:5526,4
DA:5527,4
DA:5528,4
DA:5529,4
DA:5530,4
DA:5531,4
DA:5532,4
DA:5533,4
DA:5534,4
DA:5535,4
DA:5536,4
DA:5537,4
DA:5538,4
DA:5539,4
DA:5540,4
DA:5541,4
DA:5542,4
DA:5543,4
DA:5544,0
DA:5545,0
DA:5546,4
DA:5547,4
DA:5548,4
DA:5549,4
DA:5550,4
DA:5551,4
DA:5552,4
DA:5553,4
DA:5554,4
DA:5555,4
DA:5556,4
DA:5557,4
DA:5558,4
DA:5559,4
DA:5560,4
DA:5561,4
DA:5562,4
DA:5563,4
DA:5564,4
DA:5565,4
DA:5566,4
DA:5567,4
DA:5568,0
DA:5569,0
DA:5570,4
DA:5571,4
DA:5572,4
DA:5573,4
DA:5574,4
DA:5575,4
DA:5576,4
DA:5577,4
DA:5578,4
DA:5579,4
DA:5580,4
DA:5581,4
DA:5582,4
DA:5583,4
DA:5584,4
DA:5585,4
DA:5586,4
DA:5587,4
DA:5588,4
DA:5589,4
DA:5590,0
DA:5591,0
DA:5592,4
DA:5593,4
DA:5594,4
DA:5595,4
DA:5596,4
DA:5597,4
DA:5598,4
DA:5599,4
DA:5600,4
DA:5601,4
DA:5602,4
DA:5603,4
DA:5604,4
DA:5605,4
DA:5606,4
DA:5607,4
DA:5608,4
DA:5609,4
DA:5610,4
DA:5611,4
DA:5612,4
DA:5613,4
DA:5614,0
DA:5615,0
DA:5616,4
DA:5617,4
DA:5618,4
DA:5619,4
DA:5620,4
DA:5621,4
DA:5622,4
DA:5623,4
DA:5624,4
DA:5625,4
DA:5626,4
DA:5627,4
DA:5628,4
DA:5629,4
DA:5630,4
DA:5631,4
DA:5632,4
DA:5633,4
DA:5634,0
DA:5635,0
DA:5636,4
DA:5637,4
DA:5638,4
DA:5639,4
DA:5640,4
DA:5641,4
DA:5642,4
DA:5643,4
DA:5644,4
DA:5645,4
DA:5646,4
DA:5647,4
DA:5648,4
DA:5649,4
DA:5650,4
DA:5651,4
DA:5652,4
DA:5653,4
DA:5654,4
DA:5655,0
DA:5656,0
DA:5657,4
DA:5658,4
DA:5659,4
DA:5660,4
DA:5661,4
DA:5662,4
DA:5663,4
DA:5664,4
DA:5665,4
DA:5666,4
DA:5667,4
DA:5668,4
DA:5669,4
DA:5670,4
DA:5671,4
DA:5672,4
DA:5673,4
DA:5674,4
DA:5675,4
DA:5676,4
DA:5677,0
DA:5678,0
DA:5679,4
DA:5680,4
DA:5681,4
DA:5682,4
DA:5683,4
DA:5684,4
DA:5685,4
DA:5686,4
DA:5687,4
DA:5688,4
DA:5689,4
DA:5690,4
DA:5691,4
DA:5692,4
DA:5693,4
DA:5694,4
DA:5695,4
DA:5696,4
DA:5697,4
DA:5698,4
DA:5699,4
DA:5700,0
DA:5701,0
DA:5702,4
DA:5703,4
DA:5704,4
DA:5705,4
DA:5706,4
DA:5707,4
DA:5708,4
DA:5709,4
DA:5710,4
DA:5711,4
DA:5712,4
DA:5713,4
DA:5714,4
DA:5715,4
DA:5716,4
DA:5717,4
DA:5718,4
DA:5719,4
DA:5720,4
DA:5721,4
DA:5722,0
DA:5723,0
DA:5724,4
DA:5725,4
DA:5726,4
DA:5727,4
DA:5728,4
DA:5729,4
DA:5730,4
DA:5731,4
DA:5732,4
DA:5733,4
DA:5734,4
DA:5735,4
DA:5736,4
DA:5737,4
DA:5738,4
DA:5739,4
DA:5740,4
DA:5741,4
DA:5742,4
DA:5743,4
DA:5744,4
DA:5745,4
DA:5746,4
DA:5747,0
DA:5748,0
DA:5749,4
DA:5750,4
DA:5751,4
DA:5752,4
DA:5753,4
DA:5754,4
DA:5755,4
DA:5756,4
DA:5757,4
DA:5758,4
DA:5759,4
DA:5760,4
DA:5761,4
DA:5762,4
DA:5763,4
DA:5764,4
DA:5765,4
DA:5766,4
DA:5767,4
DA:5768,4
DA:5769,0
DA:5770,0
DA:5771,4
DA:5772,4
DA:5773,4
DA:5774,4
DA:5775,4
DA:5776,4
DA:5777,4
DA:5778,4
DA:5779,4
DA:5780,4
DA:5781,4
DA:5782,4
DA:5783,4
DA:5784,4
DA:5785,4
DA:5786,4
DA:5787,4
DA:5788,4
DA:5789,4
DA:5790,4
DA:5791,0
DA:5792,0
DA:5793,4
DA:5794,4
DA:5795,4
DA:5796,4
DA:5797,4
DA:5798,4
DA:5799,4
DA:5800,4
DA:5801,4
DA:5802,4
DA:5803,4
DA:5804,4
DA:5805,4
DA:5806,4
DA:5807,4
DA:5808,4
DA:5809,4
DA:5810,4
DA:5811,4
DA:5812,4
DA:5813,4
DA:5814,0
DA:5815,0
DA:5816,4
DA:5817,4
DA:5818,4
DA:5819,4
DA:5820,4
DA:5821,4
DA:5822,4
DA:5823,4
DA:5824,4
DA:5825,4
DA:5826,4
DA:5827,4
DA:5828,4
DA:5829,4
DA:5830,4
DA:5831,4
DA:5832,4
DA:5833,4
DA:5834,4
DA:5835,4
DA:5836,4
DA:5837,4
DA:5838,0
DA:5839,0
DA:5840,4
DA:5841,4
DA:5842,4
DA:5843,4
DA:5844,4
DA:5845,4
DA:5846,4
DA:5847,4
DA:5848,4
DA:5849,4
DA:5850,4
DA:5851,4
DA:5852,4
DA:5853,4
DA:5854,4
DA:5855,4
DA:5856,4
DA:5857,4
DA:5858,4
DA:5859,4
DA:5860,4
DA:5861,0
DA:5862,0
DA:5863,4
DA:5864,4
DA:5865,4
DA:5866,4
DA:5867,4
DA:5868,4
DA:5869,4
DA:5870,4
DA:5871,4
DA:5872,4
DA:5873,4
DA:5874,4
DA:5875,4
DA:5876,4
DA:5877,4
DA:5878,4
DA:5879,4
DA:5880,4
DA:5881,4
DA:5882,4
DA:5883,4
DA:5884,4
DA:5885,4
DA:5886,0
DA:5887,0
DA:5888,4
DA:5889,4
DA:5890,4
DA:5891,4
DA:5892,4
DA:5893,4
DA:5894,4
DA:5895,4
DA:5896,4
DA:5897,4
DA:5898,4
DA:5899,4
DA:5900,4
DA:5901,4
DA:5902,4
DA:5903,4
DA:5904,4
DA:5905,4
DA:5906,4
DA:5907,4
DA:5908,4
DA:5909,0
DA:5910,4
DA:5911,4
DA:5912,4
DA:5913,4
DA:5914,4
DA:5915,4
DA:5916,4
DA:5917,4
DA:5918,4
DA:5919,4
DA:5920,4
DA:5921,4
DA:5922,4
DA:5923,4
DA:5924,4
DA:5925,4
DA:5926,4
DA:5927,4
DA:5928,4
DA:5929,4
DA:5930,4
DA:5931,4
DA:5932,4
DA:5933,0
DA:5934,4
DA:5935,4
DA:5936,4
DA:5937,4
DA:5938,4
DA:5939,4
DA:5940,4
DA:5941,4
DA:5942,4
DA:5943,4
DA:5944,4
DA:5945,4
DA:5946,4
DA:5947,4
DA:5948,4
DA:5949,4
DA:5950,4
DA:5951,4
DA:5952,4
DA:5953,4
DA:5954,4
DA:5955,4
DA:5956,4
DA:5957,0
DA:5958,4
DA:5959,4
DA:5960,4
DA:5961,4
DA:5962,4
DA:5963,4
DA:5964,4
DA:5965,4
DA:5966,4
DA:5967,4
DA:5968,4
DA:5969,4
DA:5970,4
DA:5971,4
DA:5972,4
DA:5973,4
DA:5974,4
DA:5975,4
DA:5976,4
DA:5977,4
DA:5978,4
DA:5979,4
DA:5980,4
DA:5981,4
DA:5982,4
DA:5983,4
DA:5984,4
DA:5985,0
DA:5986,0
DA:5987,4
DA:5988,4
DA:5989,4
DA:5990,4
DA:5991,4
DA:5992,4
DA:5993,4
DA:5994,4
DA:5995,4
DA:5996,4
DA:5997,4
DA:5998,4
DA:5999,4
DA:6000,4
DA:6001,4
DA:6002,4
DA:6003,4
DA:6004,4
DA:6005,4
DA:6006,4
DA:6007,4
DA:6008,4
DA:6009,4
DA:6010,0
DA:6011,0
DA:6012,4
DA:6013,4
DA:6014,4
DA:6015,4
DA:6016,4
DA:6017,4
DA:6018,4
DA:6019,4
DA:6020,4
DA:6021,4
DA:6022,4
DA:6023,4
DA:6024,4
DA:6025,4
DA:6026,4
DA:6027,4
DA:6028,4
DA:6029,4
DA:6030,4
DA:6031,4
DA:6032,4
DA:6033,4
DA:6034,4
DA:6035,0
DA:6036,0
DA:6037,4
DA:6038,4
DA:6039,4
DA:6040,4
DA:6041,4
DA:6042,4
DA:6043,4
DA:6044,4
DA:6045,4
DA:6046,4
DA:6047,4
DA:6048,4
DA:6049,4
DA:6050,4
DA:6051,4
DA:6052,4
DA:6053,4
DA:6054,4
DA:6055,4
DA:6056,4
DA:6057,4
DA:6058,4
DA:6059,4
DA:6060,4
DA:6061,4
DA:6062,4
DA:6063,4
DA:6064,0
DA:6065,0
DA:6066,4
DA:6067,4
DA:6068,4
DA:6069,4
DA:6070,4
DA:6071,4
DA:6072,4
DA:6073,4
DA:6074,4
DA:6075,4
DA:6076,4
DA:6077,4
DA:6078,4
DA:6079,4
DA:6080,4
DA:6081,4
DA:6082,4
DA:6083,4
DA:6084,4
DA:6085,4
DA:6086,4
DA:6087,4
DA:6088,4
DA:6089,4
DA:6090,4
DA:6091,0
DA:6092,0
DA:6093,4
DA:6094,4
DA:6095,4
DA:6096,4
DA:6097,4
DA:6098,4
DA:6099,4
DA:6100,4
DA:6101,4
DA:6102,4
DA:6103,4
DA:6104,4
DA:6105,4
DA:6106,4
DA:6107,4
DA:6108,4
DA:6109,4
DA:6110,4
DA:6111,4
DA:6112,4
DA:6113,4
DA:6114,4
DA:6115,4
DA:6116,4
DA:6117,4
DA:6118,0
DA:6119,0
DA:6120,4
DA:6121,4
DA:6122,4
DA:6123,4
DA:6124,4
DA:6125,4
DA:6126,4
DA:6127,4
DA:6128,4
DA:6129,4
DA:6130,4
DA:6131,4
DA:6132,4
DA:6133,4
DA:6134,4
DA:6135,4
DA:6136,4
DA:6137,4
DA:6138,4
DA:6139,4
DA:6140,4
DA:6141,4
DA:6142,4
DA:6143,4
DA:6144,4
DA:6145,0
DA:6146,0
DA:6147,4
DA:6148,4
DA:6149,4
DA:6150,4
DA:6151,4
DA:6152,4
DA:6153,4
DA:6154,4
DA:6155,4
DA:6156,4
DA:6157,4
DA:6158,4
DA:6159,4
DA:6160,4
DA:6161,4
DA:6162,4
DA:6163,4
DA:6164,4
DA:6165,4
DA:6166,4
DA:6167,4
DA:6168,4
DA:6169,4
DA:6170,4
DA:6171,4
DA:6172,0
DA:6173,0
DA:6174,4
DA:6175,4
DA:6176,4
DA:6177,4
DA:6178,4
DA:6179,4
DA:6180,4
DA:6181,4
DA:6182,4
DA:6183,4
DA:6184,4
DA:6185,4
DA:6186,4
DA:6187,4
DA:6188,4
DA:6189,4
DA:6190,4
DA:6191,4
DA:6192,4
DA:6193,4
DA:6194,4
DA:6195,4
DA:6196,4
DA:6197,4
DA:6198,4
DA:6199,4
DA:6200,4
DA:6201,4
DA:6202,4
DA:6203,4
DA:6204,4
DA:6205,4
DA:6206,4
DA:6207,4
DA:6208,0
DA:6209,0
DA:6210,0
DA:6211,0
DA:6212,0
DA:6213,0
DA:6214,0
DA:6215,0
DA:6216,4
DA:6217,4
DA:6218,4
DA:6219,4
DA:6220,4
DA:6221,4
DA:6222,4
DA:6223,4
DA:6224,4
DA:6225,4
DA:6226,4
DA:6227,4
DA:6228,4
DA:6229,4
DA:6230,4
DA:6231,4
DA:6232,4
DA:6233,4
DA:6234,4
DA:6235,4
DA:6236,4
DA:6237,4
DA:6238,4
DA:6239,4
DA:6240,4
DA:6241,4
DA:6242,4
DA:6243,4
DA:6244,4
DA:6245,4
DA:6246,4
DA:6247,4
DA:6248,0
DA:6249,0
DA:6250,0
DA:6251,0
DA:6252,0
DA:6253,0
DA:6254,0
DA:6255,4
DA:6256,4
DA:6257,4
DA:6258,4
DA:6259,4
DA:6260,4
DA:6261,4
DA:6262,4
DA:6263,4
DA:6264,4
DA:6265,4
DA:6266,4
DA:6267,4
DA:6268,4
DA:6269,4
DA:6270,4
DA:6271,4
DA:6272,4
DA:6273,4
DA:6274,4
DA:6275,0
DA:6276,0
DA:6277,0
DA:6278,0
DA:6279,0
DA:6280,0
DA:6281,0
DA:6282,0
DA:6283,0
DA:6284,0
DA:6285,0
DA:6286,0
DA:6287,0
DA:6288,0
DA:6289,0
DA:6290,0
DA:6291,0
DA:6292,0
DA:6293,0
DA:6294,0
DA:6295,0
DA:6296,0
DA:6297,0
DA:6298,0
DA:6299,0
DA:6300,0
DA:6301,0
DA:6302,0
DA:6303,0
DA:6304,0
DA:6305,0
DA:6306,0
DA:6307,0
DA:6308,0
DA:6309,0
DA:6310,0
DA:6311,0
DA:6312,0
DA:6313,0
DA:6314,4
DA:6315,4
DA:6316,4
DA:6317,4
DA:6318,4
DA:6319,4
DA:6320,4
DA:6321,4
DA:6322,4
DA:6323,4
DA:6324,4
DA:6325,4
DA:6326,4
DA:6327,4
DA:6328,4
DA:6329,4
DA:6330,4
DA:6331,4
DA:6332,4
DA:6333,0
DA:6334,4
DA:6335,4
DA:6336,4
DA:6337,4
DA:6338,4
DA:6339,4
DA:6340,4
DA:6341,4
DA:6342,4
DA:6343,4
DA:6344,4
DA:6345,4
DA:6346,4
DA:6347,4
DA:6348,4
DA:6349,4
DA:6350,4
DA:6351,4
DA:6352,4
DA:6353,0
DA:6354,0
DA:6355,4
DA:6356,4
DA:6357,4
DA:6358,4
DA:6359,4
DA:6360,4
DA:6361,4
DA:6362,4
DA:6363,4
DA:6364,4
DA:6365,4
DA:6366,4
DA:6367,4
DA:6368,4
DA:6369,4
DA:6370,4
DA:6371,4
DA:6372,4
DA:6373,4
DA:6374,0
DA:6375,0
DA:6376,4
DA:6377,4
DA:6378,4
DA:6379,4
DA:6380,4
DA:6381,4
DA:6382,4
DA:6383,4
DA:6384,4
DA:6385,4
DA:6386,4
DA:6387,4
DA:6388,4
DA:6389,4
DA:6390,4
DA:6391,4
DA:6392,4
DA:6393,4
DA:6394,4
DA:6395,0
DA:6396,0
DA:6397,4
DA:6398,4
DA:6399,4
DA:6400,4
DA:6401,4
DA:6402,4
DA:6403,4
DA:6404,4
DA:6405,4
DA:6406,4
DA:6407,4
DA:6408,4
DA:6409,4
DA:6410,4
DA:6411,4
DA:6412,4
DA:6413,4
DA:6414,4
DA:6415,4
DA:6416,0
DA:6417,0
DA:6418,4
DA:6419,4
DA:6420,4
DA:6421,4
DA:6422,4
DA:6423,4
DA:6424,4
DA:6425,4
DA:6426,4
DA:6427,4
DA:6428,4
DA:6429,4
DA:6430,4
DA:6431,4
DA:6432,4
DA:6433,4
DA:6434,4
DA:6435,4
DA:6436,4
DA:6437,0
DA:6438,0
DA:6439,4
DA:6440,4
DA:6441,4
DA:6442,4
DA:6443,4
DA:6444,4
DA:6445,4
DA:6446,4
DA:6447,4
DA:6448,4
DA:6449,4
DA:6450,4
DA:6451,4
DA:6452,4
DA:6453,4
DA:6454,4
DA:6455,4
DA:6456,4
DA:6457,4
DA:6458,0
DA:6459,0
DA:6460,4
DA:6461,4
DA:6462,4
DA:6463,4
DA:6464,4
DA:6465,4
DA:6466,4
DA:6467,4
DA:6468,4
DA:6469,4
DA:6470,4
DA:6471,4
DA:6472,4
DA:6473,4
DA:6474,4
DA:6475,4
DA:6476,4
DA:6477,4
DA:6478,4
DA:6479,0
DA:6480,0
DA:6481,4
DA:6482,4
DA:6483,4
DA:6484,4
DA:6485,4
DA:6486,4
DA:6487,4
DA:6488,4
DA:6489,4
DA:6490,4
DA:6491,4
DA:6492,4
DA:6493,4
DA:6494,4
DA:6495,4
DA:6496,4
DA:6497,4
DA:6498,4
DA:6499,4
DA:6500,0
DA:6501,0
DA:6502,4
DA:6503,4
DA:6504,4
DA:6505,4
DA:6506,4
DA:6507,4
DA:6508,4
DA:6509,4
DA:6510,4
DA:6511,4
DA:6512,4
DA:6513,4
DA:6514,4
DA:6515,4
DA:6516,4
DA:6517,4
DA:6518,4
DA:6519,4
DA:6520,4
DA:6521,4
DA:6522,0
DA:6523,0
DA:6524,4
DA:6525,4
DA:6526,4
DA:6527,4
DA:6528,4
DA:6529,4
DA:6530,4
DA:6531,4
DA:6532,4
DA:6533,4
DA:6534,4
DA:6535,4
DA:6536,4
DA:6537,4
DA:6538,4
DA:6539,4
DA:6540,4
DA:6541,4
DA:6542,4
DA:6543,0
DA:6544,0
DA:6545,4
DA:6546,4
DA:6547,4
DA:6548,4
DA:6549,4
DA:6550,4
DA:6551,4
DA:6552,4
DA:6553,4
DA:6554,4
DA:6555,4
DA:6556,4
DA:6557,4
DA:6558,4
DA:6559,4
DA:6560,4
DA:6561,4
DA:6562,4
DA:6563,4
DA:6564,0
DA:6565,0
DA:6566,4
DA:6567,4
DA:6568,4
DA:6569,4
DA:6570,4
DA:6571,4
DA:6572,4
DA:6573,4
DA:6574,4
DA:6575,4
DA:6576,4
DA:6577,4
DA:6578,4
DA:6579,4
DA:6580,4
DA:6581,4
DA:6582,4
DA:6583,4
DA:6584,4
DA:6585,0
DA:6586,0
DA:6587,4
DA:6588,4
DA:6589,4
DA:6590,4
DA:6591,4
DA:6592,4
DA:6593,4
DA:6594,4
DA:6595,4
DA:6596,4
DA:6597,4
DA:6598,4
DA:6599,4
DA:6600,4
DA:6601,4
DA:6602,4
DA:6603,4
DA:6604,4
DA:6605,4
DA:6606,0
DA:6607,0
DA:6608,4
DA:6609,4
DA:6610,4
DA:6611,4
DA:6612,4
DA:6613,4
DA:6614,4
DA:6615,4
DA:6616,4
DA:6617,4
DA:6618,4
DA:6619,4
DA:6620,4
DA:6621,4
DA:6622,4
DA:6623,4
DA:6624,4
DA:6625,4
DA:6626,4
DA:6627,4
DA:6628,0
DA:6629,0
DA:6630,4
DA:6631,4
DA:6632,4
DA:6633,4
DA:6634,4
DA:6635,4
DA:6636,4
DA:6637,4
DA:6638,4
DA:6639,4
DA:6640,4
DA:6641,4
DA:6642,4
DA:6643,4
DA:6644,4
DA:6645,4
DA:6646,4
DA:6647,4
DA:6648,4
DA:6649,4
DA:6650,4
DA:6651,0
DA:6652,0
DA:6653,4
DA:6654,4
DA:6655,4
DA:6656,4
DA:6657,4
DA:6658,4
DA:6659,4
DA:6660,4
DA:6661,4
DA:6662,4
DA:6663,4
DA:6664,4
DA:6665,4
DA:6666,4
DA:6667,4
DA:6668,4
DA:6669,4
DA:6670,4
DA:6671,4
DA:6672,4
DA:6673,0
DA:6674,0
DA:6675,4
DA:6676,4
DA:6677,4
DA:6678,4
DA:6679,4
DA:6680,4
DA:6681,4
DA:6682,4
DA:6683,4
DA:6684,4
DA:6685,4
DA:6686,4
DA:6687,4
DA:6688,4
DA:6689,4
DA:6690,4
DA:6691,4
DA:6692,4
DA:6693,4
DA:6694,4
DA:6695,4
DA:6696,4
DA:6697,0
DA:6698,0
DA:6699,4
DA:6700,4
DA:6701,4
DA:6702,4
DA:6703,4
DA:6704,4
DA:6705,4
DA:6706,4
DA:6707,4
DA:6708,4
DA:6709,4
DA:6710,4
DA:6711,4
DA:6712,4
DA:6713,4
DA:6714,4
DA:6715,4
DA:6716,4
DA:6717,0
DA:6718,4
DA:6719,4
DA:6720,4
DA:6721,4
DA:6722,4
DA:6723,4
DA:6724,4
DA:6725,4
DA:6726,4
DA:6727,4
DA:6728,4
DA:6729,4
DA:6730,4
DA:6731,4
DA:6732,4
DA:6733,4
DA:6734,4
DA:6735,4
DA:6736,4
DA:6737,4
DA:6738,4
DA:6739,0
DA:6740,0
DA:6741,0
DA:6742,0
DA:6743,0
DA:6744,0
DA:6745,4
DA:6746,4
DA:6747,4
DA:6748,4
DA:6749,4
DA:6750,4
DA:6751,4
DA:6752,4
DA:6753,4
DA:6754,4
DA:6755,4
DA:6756,4
DA:6757,4
DA:6758,4
DA:6759,4
DA:6760,4
DA:6761,4
DA:6762,4
DA:6763,4
DA:6764,4
DA:6765,4
DA:6766,4
DA:6767,0
DA:6768,0
DA:6769,0
DA:6770,0
DA:6771,0
DA:6772,0
DA:6773,0
DA:6774,0
DA:6775,0
DA:6776,0
DA:6777,0
DA:6778,4
DA:6779,4
DA:6780,4
DA:6781,4
DA:6782,4
DA:6783,4
DA:6784,4
DA:6785,4
DA:6786,4
DA:6787,4
DA:6788,4
DA:6789,4
DA:6790,4
DA:6791,4
DA:6792,4
DA:6793,4
DA:6794,4
DA:6795,4
DA:6796,4
DA:6797,4
DA:6798,4
DA:6799,0
DA:6800,0
DA:6801,0
DA:6802,0
DA:6803,0
DA:6804,0
DA:6805,0
DA:6806,4
DA:6807,4
DA:6808,4
DA:6809,4
DA:6810,4
DA:6811,4
DA:6812,4
DA:6813,4
DA:6814,4
DA:6815,4
DA:6816,4
DA:6817,4
DA:6818,4
DA:6819,4
DA:6820,4
DA:6821,4
DA:6822,4
DA:6823,4
DA:6824,4
DA:6825,4
DA:6826,4
DA:6827,4
DA:6828,0
DA:6829,0
DA:6830,0
DA:6831,0
DA:6832,0
DA:6833,0
DA:6834,0
DA:6835,0
DA:6836,0
DA:6837,0
DA:6838,0
DA:6839,4
DA:6840,4
DA:6841,4
DA:6842,4
DA:6843,4
DA:6844,4
DA:6845,4
DA:6846,4
DA:6847,4
DA:6848,4
DA:6849,4
DA:6850,4
DA:6851,4
DA:6852,4
DA:6853,4
DA:6854,4
DA:6855,4
DA:6856,4
DA:6857,4
DA:6858,4
DA:6859,4
DA:6860,0
DA:6861,0
DA:6862,0
DA:6863,0
DA:6864,0
DA:6865,0
DA:6866,0
DA:6867,4
DA:6868,4
DA:6869,4
DA:6870,4
DA:6871,4
DA:6872,4
DA:6873,4
DA:6874,4
DA:6875,4
DA:6876,4
DA:6877,4
DA:6878,4
DA:6879,4
DA:6880,4
DA:6881,4
DA:6882,4
DA:6883,4
DA:6884,4
DA:6885,4
DA:6886,4
DA:6887,4
DA:6888,4
DA:6889,0
DA:6890,0
DA:6891,0
DA:6892,0
DA:6893,0
DA:6894,0
DA:6895,0
DA:6896,0
DA:6897,0
DA:6898,0
DA:6899,0
DA:6900,4
DA:6901,4
DA:6902,4
DA:6903,4
DA:6904,4
DA:6905,4
DA:6906,4
DA:6907,4
DA:6908,4
DA:6909,4
DA:6910,4
DA:6911,4
DA:6912,4
DA:6913,4
[...]
DA:9322,0
DA:9323,0
DA:9324,0
DA:9325,0
DA:9326,0
DA:9327,0
DA:9328,0
DA:9329,0
DA:9330,0
DA:9331,0
DA:9332,0
DA:9333,0
DA:9334,0
DA:9335,0
DA:9336,0
DA:9337,0
DA:9338,0
DA:9339,0
DA:9340,0
DA:9341,0
DA:9342,0
DA:9343,0
DA:9344,0
DA:9345,0
DA:9346,0
DA:9347,0
DA:9348,0
DA:9349,0
DA:9350,0
DA:9351,0
DA:9352,0
DA:9353,156
DA:9354,156
DA:9355,156
DA:9356,156
DA:9357,156
DA:9358,156
DA:9359,156
DA:9360,156
DA:9361,156
DA:9362,156
DA:9363,156
DA:9364,156
DA:9365,156
DA:9366,156
DA:9367,156
DA:9368,156
DA:9369,18
DA:9370,156
DA:9371,156
DA:9372,156
DA:9373,4
DA:9374,4
DA:9375,4
DA:9376,4
DA:9377,4
DA:9378,4
DA:9379,4
DA:9380,4
DA:9381,4
DA:9382,4
DA:9383,4
DA:9384,4
DA:9385,4
DA:9386,4
DA:9387,0
DA:9388,0
DA:9389,0
DA:9390,0
DA:9391,0
DA:9392,0
DA:9393,0
DA:9394,0
DA:9395,0
DA:9396,0
DA:9397,0
DA:9398,0
DA:9399,0
DA:9400,0
DA:9401,0
DA:9402,0
DA:9403,0
DA:9404,0
DA:9405,0
DA:9406,0
DA:9407,0
DA:9408,0
DA:9409,0
DA:9410,0
DA:9411,0
DA:9412,0
DA:9413,0
DA:9414,0
DA:9415,0
DA:9416,0
DA:9417,0
DA:9418,0
DA:9419,0
DA:9420,0
DA:9421,4
DA:9422,4
DA:9423,4
DA:9424,4
DA:9425,4
DA:9426,4
DA:9427,4
DA:9428,4
DA:9429,4
DA:9430,4
DA:9431,4
DA:9432,4
DA:9433,4
DA:9434,4
DA:9435,4
DA:9436,4
DA:9437,4
DA:9438,4
DA:9439,4
DA:9440,4
DA:9441,4
DA:9442,4
DA:9443,4
DA:9444,4
DA:9445,4
DA:9446,4
DA:9447,4
DA:9448,8
DA:9449,8
DA:9450,8
DA:9451,4
DA:9452,4
DA:9453,4
DA:9454,4
DA:9455,4
DA:9456,4
DA:9457,4
DA:9458,4
DA:9459,4
DA:9460,4
DA:9461,4
DA:9462,4
DA:9463,4
DA:9464,4
DA:9465,4
DA:9466,4
DA:9467,4
DA:9468,4
DA:9469,4
DA:9470,4
DA:9471,4
DA:9472,4
DA:9473,4
DA:9474,4
DA:9475,4
DA:9476,4
DA:9477,4
DA:9478,4
DA:9479,4
DA:9480,4
DA:9481,4
DA:9482,4
DA:9483,4
DA:9484,18
DA:9485,18
DA:9486,18
DA:9487,0
DA:9488,18
DA:9489,18
DA:9490,18
DA:9491,18
DA:9492,18
DA:9493,72
DA:9494,72
DA:9495,72
DA:9496,4
DA:9497,4
DA:9498,4
DA:9499,4
DA:9500,4
DA:9501,4
DA:9502,4
DA:9503,4
DA:9504,4
DA:9505,4
DA:9506,4
DA:9507,4
DA:9508,4
DA:9509,4
DA:9510,4
DA:9511,4
DA:9512,4
DA:9513,4
DA:9514,4
DA:9515,4
DA:9516,0
DA:9517,0
DA:9518,0
DA:9519,0
DA:9520,0
DA:9521,0
DA:9522,0
DA:9523,0
DA:9524,0
DA:9525,0
DA:9526,0
DA:9527,0
DA:9528,0
DA:9529,0
DA:9530,0
DA:9531,0
DA:9532,0
DA:9533,0
DA:9534,0
DA:9535,4
DA:9536,4
DA:9537,4
DA:9538,4
DA:9539,4
DA:9540,4
DA:9541,4
DA:9542,4
DA:9543,4
DA:9544,4
DA:9545,4
DA:9546,4
DA:9547,4
DA:9548,4
DA:9549,4
DA:9550,4
DA:9551,4
DA:9552,4
DA:9553,4
DA:9554,4
DA:9555,0
DA:9556,0
DA:9557,0
DA:9558,0
DA:9559,0
DA:9560,0
DA:9561,0
DA:9562,0
DA:9563,0
DA:9564,0
DA:9565,0
DA:9566,0
DA:9567,0
DA:9568,0
DA:9569,0
DA:9570,0
DA:9571,0
DA:9572,0
DA:9573,0
DA:9574,0
DA:9575,0
DA:9576,0
DA:9577,4
DA:9578,4
DA:9579,4
DA:9580,4
DA:9581,4
DA:9582,4
DA:9583,4
DA:9584,4
DA:9585,4
DA:9586,4
DA:9587,4
DA:9588,4
DA:9589,4
DA:9590,4
DA:9591,4
DA:9592,4
DA:9593,4
DA:9594,4
DA:9595,4
DA:9596,4
DA:9597,4
DA:9598,4
DA:9599,4
DA:9600,4
DA:9601,4
DA:9602,4
DA:9603,4
DA:9604,4
DA:9605,4
DA:9606,4
DA:9607,0
DA:9608,0
DA:9609,0
DA:9610,0
DA:9611,0
DA:9612,0
DA:9613,0
DA:9614,0
DA:9615,0
DA:9616,4
DA:9617,4
DA:9618,4
DA:9619,4
DA:9620,4
DA:9621,4
DA:9622,4
DA:9623,4
DA:9624,4
DA:9625,4
DA:9626,4
DA:9627,4
DA:9628,4
DA:9629,4
DA:9630,4
DA:9631,4
DA:9632,4
DA:9633,4
DA:9634,4
DA:9635,4
DA:9636,4
DA:9637,4
DA:9638,4
DA:9639,4
DA:9640,4
DA:9641,4
DA:9642,4
DA:9643,4
DA:9644,4
DA:9645,4
DA:9646,4
DA:9647,4
DA:9648,4
DA:9649,0
DA:9650,0
DA:9651,4
DA:9652,4
DA:9653,4
DA:9654,4
DA:9655,4
DA:9656,4
DA:9657,4
DA:9658,4
DA:9659,4
DA:9660,4
DA:9661,4
DA:9662,4
DA:9663,4
DA:9664,4
DA:9665,4
DA:9666,4
DA:9667,4
DA:9668,4
DA:9669,0
DA:9670,0
DA:9671,0
DA:9672,0
DA:9673,0
DA:9674,0
DA:9675,0
DA:9676,4
DA:9677,4
DA:9678,4
DA:9679,4
DA:9680,4
DA:9681,4
DA:9682,4
DA:9683,4
DA:9684,4
DA:9685,4
DA:9686,4
DA:9687,4
DA:9688,4
DA:9689,4
DA:9690,4
DA:9691,4
DA:9692,4
DA:9693,4
DA:9694,4
DA:9695,0
DA:9696,0
DA:9697,0
DA:9698,0
DA:9699,0
DA:9700,4
DA:9701,4
DA:9702,4
DA:9703,4
DA:9704,4
DA:9705,4
DA:9706,4
DA:9707,4
DA:9708,4
DA:9709,4
DA:9710,4
DA:9711,4
DA:9712,4
DA:9713,4
DA:9714,4
DA:9715,4
DA:9716,4
DA:9717,4
DA:9718,4
DA:9719,0
DA:9720,0
DA:9721,0
DA:9722,0
DA:9723,0
DA:9724,0
DA:9725,0
DA:9726,0
DA:9727,0
DA:9728,0
DA:9729,0
DA:9730,0
DA:9731,0
DA:9732,4
DA:9733,4
DA:9734,4
DA:9735,4
DA:9736,4
DA:9737,4
DA:9738,4
DA:9739,4
DA:9740,4
DA:9741,4
DA:9742,4
DA:9743,4
DA:9744,4
DA:9745,0
DA:9746,0
DA:9747,0
DA:9748,0
DA:9749,0
DA:9750,0
DA:9751,0
DA:9752,0
DA:9753,0
DA:9754,0
DA:9755,0
DA:9756,0
DA:9757,0
DA:9758,4
DA:9759,4
DA:9760,4
DA:9761,4
DA:9762,4
DA:9763,4
DA:9764,4
DA:9765,4
DA:9766,4
DA:9767,4
DA:9768,4
DA:9769,4
DA:9770,4
DA:9771,4
DA:9772,4
DA:9773,0
DA:9774,0
DA:9775,0
DA:9776,0
DA:9777,0
DA:9778,0
DA:9779,0
DA:9780,0
DA:9781,0
DA:9782,4
DA:9783,4
DA:9784,4
DA:9785,4
DA:9786,4
DA:9787,4
DA:9788,4
DA:9789,4
DA:9790,4
DA:9791,4
DA:9792,4
DA:9793,4
DA:9794,4
DA:9795,4
DA:9796,4
DA:9797,4
DA:9798,4
DA:9799,4
DA:9800,4
DA:9801,4
DA:9802,0
DA:9803,0
DA:9804,4
DA:9805,4
DA:9806,4
DA:9807,4
DA:9808,0
DA:9809,4
DA:9810,4
DA:9811,0
DA:9812,0
DA:9813,0
DA:9814,0
DA:9815,4
DA:9816,4
DA:9817,4
DA:9818,4
DA:9819,4
DA:9820,4
DA:9821,4
DA:9822,4
DA:9823,4
DA:9824,4
DA:9825,4
DA:9826,4
DA:9827,4
DA:9828,4
DA:9829,0
DA:9830,0
DA:9831,0
DA:9832,0
DA:9833,0
DA:9834,0
DA:9835,0
DA:9836,0
DA:9837,0
DA:9838,0
DA:9839,0
DA:9840,0
DA:9841,0
DA:9842,4
DA:9843,4
DA:9844,4
DA:9845,4
DA:9846,4
DA:9847,4
DA:9848,4
DA:9849,4
DA:9850,4
DA:9851,4
DA:9852,0
DA:9853,0
DA:9854,0
DA:9855,0
DA:9856,0
DA:9857,0
DA:9858,0
DA:9859,0
DA:9860,0
DA:9861,0
DA:9862,0
DA:9863,0
DA:9864,4
DA:9865,4
DA:9866,4
DA:9867,4
DA:9868,4
DA:9869,4
DA:9870,4
DA:9871,4
DA:9872,4
DA:9873,4
DA:9874,4
DA:9875,4
DA:9876,4
DA:9877,4
DA:9878,4
DA:9879,4
DA:9880,4
DA:9881,4
DA:9882,4
DA:9883,4
DA:9884,4
DA:9885,4
DA:9886,0
DA:9887,0
DA:9888,0
DA:9889,0
DA:9890,0
DA:9891,0
DA:9892,0
DA:9893,0
DA:9894,0
DA:9895,0
DA:9896,0
DA:9897,0
DA:9898,0
DA:9899,4
DA:9900,4
DA:9901,4
DA:9902,4
DA:9903,4
DA:9904,4
DA:9905,4
DA:9906,4
DA:9907,0
DA:9908,0
DA:9909,0
DA:9910,0
DA:9911,0
DA:9912,0
DA:9913,0
DA:9914,0
DA:9915,0
DA:9916,0
DA:9917,0
DA:9918,0
DA:9919,0
DA:9920,0
DA:9921,0
DA:9922,0
DA:9923,0
DA:9924,0
DA:9925,0
DA:9926,0
DA:9927,0
DA:9928,0
DA:9929,4
DA:9930,4
DA:9931,4
DA:9932,4
DA:9933,4
DA:9934,4
DA:9935,4
DA:9936,4
DA:9937,4
DA:9938,4
DA:9939,4
DA:9940,4
DA:9941,4
DA:9942,4
DA:9943,0
DA:9944,0
DA:9945,0
DA:9946,0
DA:9947,0
DA:9948,0
DA:9949,0
DA:9950,0
DA:9951,0
DA:9952,0
DA:9953,0
DA:9954,0
DA:9955,0
DA:9956,0
DA:9957,0
DA:9958,0
DA:9959,0
DA:9960,0
DA:9961,0
DA:9962,0
DA:9963,0
DA:9964,0
DA:9965,0
DA:9966,0
DA:9967,0
DA:9968,0
DA:9969,0
DA:9970,0
DA:9971,0
DA:9972,0
DA:9973,0
DA:9974,0
DA:9975,0
DA:9976,0
DA:9977,0
DA:9978,0
DA:9979,0
DA:9980,0
DA:9981,0
DA:9982,0
DA:9983,0
DA:9984,0
DA:9985,0
DA:9986,0
DA:9987,4
DA:9988,4
DA:9989,0
DA:9990,0
DA:9991,0
DA:9992,0
DA:9993,0
DA:9994,0
DA:9995,0
DA:9996,0
DA:9997,0
DA:9998,0
DA:9999,0
DA:10000,0
DA:10001,0
DA:10002,0
DA:10003,0
DA:10004,0
DA:10005,0
DA:10006,0
DA:10007,0
DA:10008,0
DA:10009,0
DA:10010,0
DA:10011,0
DA:10012,0
DA:10013,0
DA:10014,0
DA:10015,0
DA:10016,0
DA:10017,0
DA:10018,0
DA:10019,0
DA:10020,0
DA:10021,0
DA:10022,0
DA:10023,0
DA:10024,0
DA:10025,0
DA:10026,0
DA:10027,0
DA:10028,0
DA:10029,0
DA:10030,4
DA:10031,4
DA:10032,4
DA:10033,4
DA:10034,4
DA:10035,4
DA:10036,4
DA:10037,4
DA:10038,4
DA:10039,4
DA:10040,4
DA:10041,0
DA:10042,0
DA:10043,4
DA:10044,4
DA:10045,4
DA:10046,4
DA:10047,4
DA:10048,4
DA:10049,4
DA:10050,4
DA:10051,4
DA:10052,4
DA:10053,4
DA:10054,0
DA:10055,0
DA:10056,0
DA:10057,0
DA:10058,0
DA:10059,0
DA:10060,0
DA:10061,0
DA:10062,0
DA:10063,0
DA:10064,0
DA:10065,0
DA:10066,0
DA:10067,0
DA:10068,0
DA:10069,0
DA:10070,0
DA:10071,4
DA:10072,4
DA:10073,4
DA:10074,4
DA:10075,4
DA:10076,4
DA:10077,4
DA:10078,4
DA:10079,4
DA:10080,4
DA:10081,4
DA:10082,0
DA:10083,0
DA:10084,0
DA:10085,0
DA:10086,0
DA:10087,0
DA:10088,0
DA:10089,0
DA:10090,0
DA:10091,0
DA:10092,0
DA:10093,0
DA:10094,0
DA:10095,0
DA:10096,0
DA:10097,4
DA:10098,4
DA:10099,4
DA:10100,4
DA:10101,4
DA:10102,4
DA:10103,4
DA:10104,4
DA:10105,4
DA:10106,4
DA:10107,4
DA:10108,0
DA:10109,0
DA:10110,4
DA:10111,4
DA:10112,4
DA:10113,4
DA:10114,4
DA:10115,4
DA:10116,4
DA:10117,4
DA:10118,0
DA:10119,0
DA:10120,0
DA:10121,0
DA:10122,4
DA:10123,4
DA:10124,4
DA:10125,4
DA:10126,4
DA:10127,4
DA:10128,4
DA:10129,4
DA:10130,4
DA:10131,4
DA:10132,0
DA:10133,0
DA:10134,0
DA:10135,0
DA:10136,0
DA:10137,0
DA:10138,0
DA:10139,0
DA:10140,0
DA:10141,4
DA:10142,4
DA:10143,4
DA:10144,4
DA:10145,4
DA:10146,4
DA:10147,4
DA:10148,4
DA:10149,0
DA:10150,0
DA:10151,0
DA:10152,0
DA:10153,0
DA:10154,0
DA:10155,0
DA:10156,0
DA:10157,4
DA:10158,4
DA:10159,4
DA:10160,4
DA:10161,4
DA:10162,4
DA:10163,4
DA:10164,4
DA:10165,0
DA:10166,0
DA:10167,0
DA:10168,0
DA:10169,0
DA:10170,0
DA:10171,4
DA:10172,4
DA:10173,4
DA:10174,4
DA:10175,4
DA:10176,4
DA:10177,4
DA:10178,4
DA:10179,4
DA:10180,4
DA:10181,4
DA:10182,4
DA:10183,0
DA:10184,0
DA:10185,0
DA:10186,0
DA:10187,0
DA:10188,0
DA:10189,0
DA:10190,0
DA:10191,0
DA:10192,0
DA:10193,0
DA:10194,4
DA:10195,4
DA:10196,4
DA:10197,4
DA:10198,4
DA:10199,4
DA:10200,4
DA:10201,4
DA:10202,4
DA:10203,4
DA:10204,4
DA:10205,4
DA:10206,0
DA:10207,0
DA:10208,0
DA:10209,0
DA:10210,0
DA:10211,0
DA:10212,0
DA:10213,0
DA:10214,0
DA:10215,0
DA:10216,0
DA:10217,0
DA:10218,0
DA:10219,0
DA:10220,0
DA:10221,0
DA:10222,0
DA:10223,0
DA:10224,0
DA:10225,0
DA:10226,0
DA:10227,0
DA:10228,0
DA:10229,4
DA:10230,4
DA:10231,4
DA:10232,4
DA:10233,4
DA:10234,4
DA:10235,4
DA:10236,4
DA:10237,4
DA:10238,4
DA:10239,4
DA:10240,4
DA:10241,4
DA:10242,4
DA:10243,4
DA:10244,4
DA:10245,0
DA:10246,4
DA:10247,4
DA:10248,4
DA:10249,4
DA:10250,4
DA:10251,4
DA:10252,4
DA:10253,4
DA:10254,4
DA:10255,4
DA:10256,4
DA:10257,4
DA:10258,4
DA:10259,4
DA:10260,4
DA:10261,4
DA:10262,4
DA:10263,4
DA:10264,4
DA:10265,4
DA:10266,4
DA:10267,4
DA:10268,4
DA:10269,4
DA:10270,4
DA:10271,4
DA:10272,4
DA:10273,0
DA:10274,0
DA:10275,0
DA:10276,0
DA:10277,0
DA:10278,0
DA:10279,0
DA:10280,0
DA:10281,0
DA:10282,0
DA:10283,0
DA:10284,0
DA:10285,0
DA:10286,0
DA:10287,0
DA:10288,0
DA:10289,0
DA:10290,0
DA:10291,4
DA:10292,4
DA:10293,4
DA:10294,4
DA:10295,4
DA:10296,4
DA:10297,4
DA:10298,4
DA:10299,4
DA:10300,4
DA:10301,4
DA:10302,4
DA:10303,4
DA:10304,4
DA:10305,4
DA:10306,4
DA:10307,4
DA:10308,4
DA:10309,4
DA:10310,4
DA:10311,4
DA:10312,4
DA:10313,4
DA:10314,4
DA:10315,4
DA:10316,4
DA:10317,4
DA:10318,4
DA:10319,4
DA:10320,4
DA:10321,4
DA:10322,4
DA:10323,4
DA:10324,4
DA:10325,4
DA:10326,4
DA:10327,4
DA:10328,4
DA:10329,4
DA:10330,4
DA:10331,4
DA:10332,4
DA:10333,4
DA:10334,4
DA:10335,4
DA:10336,4
DA:10337,4
DA:10338,4
DA:10339,4
DA:10340,4
DA:10341,4
DA:10342,0
DA:10343,0
DA:10344,0
DA:10345,0
DA:10346,0
DA:10347,0
DA:10348,0
DA:10349,4
DA:10350,4
DA:10351,4
DA:10352,4
DA:10353,4
DA:10354,4
DA:10355,4
DA:10356,4
DA:10357,4
DA:10358,4
DA:10359,4
DA:10360,4
DA:10361,4
DA:10362,4
DA:10363,4
DA:10364,4
DA:10365,4
DA:10366,4
DA:10367,4
DA:10368,4
DA:10369,4
DA:10370,0
DA:10371,0
DA:10372,0
DA:10373,0
DA:10374,0
DA:10375,0
DA:10376,0
DA:10377,0
DA:10378,0
DA:10379,0
DA:10380,0
DA:10381,0
DA:10382,0
DA:10383,0
DA:10384,0
DA:10385,0
DA:10386,0
DA:10387,0
DA:10388,4
DA:10389,4
DA:10390,4
DA:10391,4
DA:10392,4
DA:10393,4
DA:10394,4
DA:10395,4
DA:10396,4
DA:10397,4
DA:10398,4
DA:10399,4
DA:10400,4
DA:10401,4
DA:10402,4
DA:10403,4
DA:10404,4
DA:10405,4
DA:10406,4
DA:10407,4
DA:10408,4
DA:10409,0
DA:10410,0
DA:10411,0
DA:10412,0
DA:10413,0
DA:10414,0
DA:10415,0
DA:10416,0
DA:10417,0
DA:10418,0
DA:10419,0
DA:10420,0
DA:10421,0
DA:10422,0
DA:10423,0
DA:10424,0
DA:10425,0
DA:10426,0
DA:10427,0
DA:10428,0
DA:10429,0
DA:10430,4
DA:10431,4
DA:10432,4
DA:10433,4
DA:10434,4
DA:10435,4
DA:10436,4
DA:10437,4
DA:10438,4
DA:10439,4
DA:10440,4
DA:10441,4
DA:10442,4
DA:10443,4
DA:10444,4
DA:10445,4
DA:10446,0
DA:10447,0
DA:10448,0
DA:10449,0
DA:10450,0
DA:10451,0
DA:10452,0
DA:10453,0
DA:10454,0
DA:10455,0
DA:10456,0
DA:10457,0
DA:10458,0
DA:10459,0
DA:10460,0
DA:10461,0
DA:10462,0
DA:10463,0
DA:10464,0
DA:10465,0
DA:10466,0
DA:10467,0
DA:10468,0
DA:10469,0
DA:10470,0
DA:10471,0
DA:10472,0
DA:10473,0
DA:10474,4
DA:10475,4
DA:10476,4
DA:10477,4
DA:10478,4
DA:10479,4
DA:10480,4
DA:10481,4
DA:10482,4
DA:10483,4
DA:10484,4
DA:10485,4
DA:10486,4
DA:10487,4
DA:10488,4
DA:10489,4
DA:10490,4
DA:10491,4
DA:10492,4
DA:10493,4
DA:10494,4
DA:10495,4
DA:10496,4
DA:10497,4
DA:10498,4
DA:10499,4
DA:10500,0
DA:10501,0
DA:10502,0
DA:10503,0
DA:10504,0
DA:10505,0
DA:10506,0
DA:10507,0
DA:10508,0
DA:10509,0
DA:10510,0
DA:10511,0
DA:10512,0
DA:10513,0
DA:10514,4
DA:10515,4
DA:10516,4
DA:10517,4
DA:10518,4
DA:10519,4
DA:10520,4
DA:10521,4
DA:10522,4
DA:10523,4
DA:10524,4
DA:10525,4
DA:10526,4
DA:10527,4
DA:10528,4
DA:10529,4
DA:10530,4
DA:10531,4
DA:10532,4
DA:10533,4
DA:10534,4
DA:10535,4
DA:10536,4
DA:10537,4
DA:10538,4
DA:10539,4
DA:10540,4
DA:10541,4
DA:10542,4
DA:10543,4
DA:10544,4
DA:10545,4
DA:10546,4
DA:10547,0
DA:10548,0
DA:10549,0
DA:10550,4
DA:10551,4
DA:10552,4
DA:10553,4
DA:10554,4
DA:10555,4
DA:10556,4
DA:10557,4
DA:10558,4
DA:10559,4
DA:10560,4
DA:10561,4
DA:10562,4
DA:10563,4
DA:10564,4
DA:10565,4
DA:10566,4
DA:10567,4
DA:10568,4
DA:10569,4
DA:10570,4
DA:10571,4
DA:10572,4
DA:10573,4
DA:10574,4
DA:10575,4
DA:10576,4
DA:10577,4
DA:10578,4
DA:10579,4
DA:10580,4
DA:10581,4
DA:10582,4
DA:10583,4
DA:10584,4
DA:10585,0
DA:10586,0
DA:10587,0
DA:10588,0
DA:10589,4
DA:10590,4
DA:10591,4
DA:10592,4
DA:10593,4
DA:10594,4
DA:10595,4
DA:10596,4
DA:10597,4
DA:10598,4
DA:10599,4
DA:10600,4
DA:10601,0
DA:10602,0
DA:10603,4
DA:10604,4
DA:10605,4
DA:10606,4
DA:10607,4
DA:10608,4
DA:10609,4
DA:10610,4
DA:10611,4
DA:10612,4
DA:10613,4
DA:10614,4
DA:10615,4
DA:10616,4
DA:10617,4
DA:10618,4
DA:10619,4
DA:10620,4
DA:10621,4
DA:10622,4
DA:10623,4
DA:10624,4
DA:10625,4
DA:10626,4
DA:10627,4
DA:10628,4
DA:10629,4
DA:10630,4
DA:10631,4
DA:10632,4
DA:10633,4
DA:10634,4
DA:10635,4
DA:10636,4
DA:10637,4
DA:10638,4
DA:10639,4
DA:10640,4
DA:10641,4
DA:10642,4
DA:10643,0
DA:10644,0
DA:10645,0
DA:10646,0
DA:10647,0
DA:10648,0
DA:10649,0
DA:10650,0
DA:10651,0
DA:10652,0
DA:10653,0
DA:10654,0
DA:10655,0
DA:10656,0
DA:10657,0
DA:10658,0
DA:10659,0
DA:10660,0
DA:10661,0
DA:10662,0
DA:10663,0
DA:10664,0
DA:10665,0
DA:10666,0
DA:10667,0
DA:10668,0
DA:10669,0
DA:10670,0
DA:10671,0
DA:10672,0
DA:10673,0
DA:10674,0
DA:10675,0
DA:10676,0
DA:10677,0
DA:10678,0
DA:10679,0
DA:10680,0
DA:10681,0
DA:10682,0
DA:10683,0
DA:10684,0
DA:10685,0
DA:10686,0
DA:10687,0
DA:10688,0
DA:10689,0
DA:10690,0
DA:10691,0
DA:10692,0
DA:10693,0
DA:10694,0
DA:10695,0
DA:10696,0
DA:10697,0
DA:10698,0
DA:10699,0
DA:10700,0
DA:10701,0
DA:10702,0
DA:10703,0
DA:10704,0
DA:10705,0
DA:10706,0
DA:10707,0
DA:10708,0
DA:10709,0
DA:10710,0
DA:10711,0
DA:10712,0
DA:10713,0
DA:10714,0
DA:10715,0
DA:10716,0
DA:10717,0
DA:10718,0
DA:10719,0
DA:10720,0
DA:10721,0
DA:10722,0
DA:10723,0
DA:10724,0
DA:10725,0
DA:10726,0
DA:10727,0
DA:10728,0
DA:10729,0
DA:10730,0
DA:10731,0
DA:10732,0
DA:10733,0
DA:10734,0
DA:10735,0
DA:10736,0
DA:10737,0
DA:10738,0
DA:10739,0
DA:10740,0
DA:10741,0
DA:10742,0
DA:10743,0
DA:10744,0
DA:10745,0
DA:10746,0
DA:10747,0
DA:10748,0
DA:10749,0
DA:10750,0
DA:10751,0
DA:10752,0
DA:10753,0
DA:10754,0
DA:10755,0
DA:10756,0
DA:10757,0
DA:10758,0
DA:10759,0
DA:10760,0
DA:10761,0
DA:10762,0
DA:10763,0
DA:10764,0
DA:10765,0
DA:10766,0
DA:10767,0
DA:10768,0
DA:10769,0
DA:10770,0
DA:10771,0
DA:10772,0
DA:10773,0
DA:10774,0
DA:10775,0
DA:10776,0
DA:10777,0
DA:10778,0
DA:10779,0
DA:10780,0
DA:10781,0
DA:10782,0
DA:10783,0
DA:10784,0
DA:10785,0
DA:10786,0
DA:10787,0
DA:10788,0
DA:10789,0
DA:10790,0
DA:10791,0
DA:10792,0
DA:10793,0
DA:10794,0
DA:10795,0
DA:10796,0
DA:10797,0
DA:10798,0
DA:10799,0
DA:10800,0
DA:10801,0
DA:10802,0
DA:10803,0
DA:10804,0
DA:10805,0
DA:10806,0
DA:10807,0
DA:10808,0
DA:10809,0
DA:10810,0
DA:10811,0
DA:10812,0
DA:10813,0
DA:10814,0
DA:10815,0
DA:10816,0
DA:10817,0
DA:10818,0
DA:10819,0
DA:10820,0
DA:10821,0
DA:10822,0
DA:10823,0
DA:10824,0
DA:10825,0
DA:10826,0
DA:10827,0
DA:10828,0
DA:10829,0
DA:10830,0
DA:10831,0
DA:10832,0
DA:10833,0
DA:10834,0
DA:10835,0
DA:10836,0
DA:10837,0
DA:10838,0
DA:10839,0
DA:10840,0
DA:10841,0
DA:10842,0
DA:10843,0
DA:10844,0
DA:10845,0
DA:10846,0
DA:10847,0
DA:10848,0
DA:10849,0
DA:10850,0
DA:10851,0
DA:10852,0
DA:10853,0
DA:10854,0
DA:10855,0
DA:10856,0
DA:10857,0
DA:10858,0
DA:10859,0
DA:10860,0
DA:10861,0
DA:10862,0
DA:10863,0
DA:10864,0
DA:10865,0
DA:10866,0
DA:10867,0
DA:10868,0
DA:10869,0
DA:10870,0
DA:10871,0
DA:10872,0
DA:10873,0
DA:10874,0
DA:10875,0
DA:10876,0
DA:10877,0
DA:10878,0
DA:10879,0
DA:10880,0
DA:10881,0
DA:10882,0
DA:10883,0
DA:10884,0
DA:10885,0
DA:10886,0
DA:10887,0
DA:10888,0
DA:10889,0
DA:10890,0
DA:10891,0
DA:10892,0
DA:10893,0
DA:10894,0
DA:10895,0
DA:10896,0
DA:10897,0
DA:10898,0
DA:10899,0
DA:10900,0
DA:10901,0
DA:10902,0
DA:10903,0
DA:10904,0
DA:10905,0
DA:10906,0
DA:10907,0
DA:10908,0
DA:10909,0
DA:10910,0
DA:10911,0
DA:10912,0
DA:10913,0
DA:10914,0
DA:10915,0
DA:10916,0
DA:10917,0
DA:10918,0
DA:10919,0
DA:10920,0
DA:10921,0
DA:10922,0
DA:10923,0
DA:10924,0
DA:10925,0
DA:10926,0
DA:10927,0
DA:10928,0
DA:10929,0
DA:10930,0
DA:10931,0
DA:10932,0
DA:10933,0
DA:10934,0
DA:10935,0
DA:10936,0
DA:10937,0
DA:10938,0
DA:10939,0
DA:10940,0
DA:10941,0
DA:10942,0
DA:10943,0
DA:10944,0
DA:10945,0
DA:10946,0
DA:10947,0
DA:10948,0
DA:10949,0
DA:10950,0
DA:10951,0
DA:10952,0
DA:10953,0
DA:10954,0
DA:10955,0
DA:10956,0
DA:10957,0
DA:10958,0
DA:10959,0
DA:10960,0
DA:10961,0
DA:10962,0
DA:10963,0
DA:10964,0
DA:10965,0
DA:10966,0
DA:10967,0
DA:10968,0
DA:10969,0
DA:10970,0
DA:10971,0
DA:10972,0
DA:10973,0
DA:10974,0
DA:10975,0
DA:10976,0
DA:10977,0
DA:10978,0
DA:10979,0
DA:10980,0
DA:10981,0
DA:10982,4
DA:10983,4
DA:10984,4
DA:10985,4
DA:10986,4
DA:10987,4
DA:10988,4
DA:10989,4
LF:10989
LH:7693
BRDA:1,0,0,0
BRDA:1,1,0,4
BRDA:1,2,0,4
BRDA:1,3,0,4
BRDA:1,4,0,4
BRDA:1,5,0,4
BRDA:1,6,0,4
BRDA:1,7,0,4
BRDA:1,8,0,4
BRDA:4,9,0,4
BRDA:41,10,0,20
BRDA:98,11,0,4
BRDA:108,12,0,4
BRDA:160,13,0,28
BRDA:191,14,0,160
BRDA:195,15,0,192
BRDA:199,16,0,32
BRDA:230,17,0,10
BRDA:233,18,0,2
BRDA:234,19,0,2
BRDA:236,20,0,2
BRDA:266,21,0,8
BRDA:275,22,0,4
BRDA:371,23,0,4
BRDA:379,24,0,4
BRDA:1400,25,0,8
BRDA:1401,26,0,2
BRDA:1403,27,0,2
BRDA:418,28,0,68
BRDA:445,29,0,0
BRDA:486,30,0,0
BRDA:512,31,0,0
BRDA:538,32,0,0
BRDA:562,33,0,0
BRDA:582,34,0,0
BRDA:607,35,0,0
BRDA:1003,36,0,0
BRDA:1036,37,0,2
BRDA:1071,38,0,0
BRDA:1103,39,0,0
BRDA:1134,40,0,0
BRDA:1165,41,0,0
BRDA:1267,42,0,0
BRDA:1941,43,0,0
BRDA:2592,44,0,0
BRDA:3237,45,0,0
BRDA:3458,46,0,0
BRDA:4062,47,0,0
BRDA:4107,48,0,0
BRDA:4149,49,0,0
BRDA:4215,50,0,0
BRDA:4226,51,0,4
BRDA:4233,52,0,4
BRDA:7323,53,0,48
BRDA:7341,54,0,4
BRDA:7348,55,0,4
BRDA:7349,56,0,10
BRDA:7390,57,0,4
BRDA:7397,58,0,4
BRDA:7611,59,0,4
BRDA:7638,60,0,12
BRDA:7684,61,0,32
BRDA:7685,62,0,8
BRDA:7695,63,0,4
BRDA:7765,64,0,4
BRDA:7766,65,0,0
BRDA:7808,66,0,192
BRDA:7827,67,0,4
BRDA:7866,68,0,192
BRDA:7867,69,0,102
BRDA:7886,70,0,96
BRDA:7897,71,0,4
BRDA:7935,72,0,160
BRDA:7936,73,0,68
BRDA:7936,74,0,92
BRDA:7936,75,0,68
BRDA:7939,76,0,92
BRDA:7955,77,0,80
BRDA:7961,78,0,80
BRDA:7971,79,0,4
BRDA:8004,80,0,4
BRDA:8057,81,0,4
BRDA:8083,82,0,184
BRDA:8084,83,0,28
BRDA:8088,84,0,54
BRDA:8086,85,0,130
BRDA:8092,86,0,4
BRDA:8114,87,0,4
BRDA:8142,88,0,4
BRDA:8194,89,0,4
BRDA:8251,90,0,4
BRDA:8282,91,0,4
BRDA:8311,92,0,4
BRDA:8349,93,0,4
BRDA:8528,94,0,4
BRDA:8909,95,0,4
BRDA:8935,96,0,0
BRDA:8937,97,0,4
BRDA:8957,98,0,230
BRDA:8963,99,0,4
BRDA:9015,100,0,4
BRDA:9086,101,0,4
BRDA:9180,102,0,4
BRDA:9274,103,0,4
BRDA:9307,104,0,218
BRDA:9311,105,0,156
BRDA:9318,106,0,0
BRDA:9368,107,0,18
BRDA:9331,108,0,0
BRDA:9423,109,0,4
BRDA:9447,110,0,10
BRDA:9450,111,0,2
BRDA:9453,112,0,4
BRDA:9483,113,0,20
BRDA:9484,114,0,2
BRDA:9486,115,0,2
BRDA:9490,116,0,2
BRDA:9492,117,0,74
BRDA:9493,118,0,2
BRDA:9500,119,0,4
BRDA:9618,120,0,4
BRDA:9792,121,0,4
BRDA:9820,122,0,0
BRDA:10249,123,0,4
BRDA:10295,124,0,4
BRDA:10598,125,0,4
BRDA:10599,126,0,4
BRDA:10600,127,0,0
BRDA:10603,128,0,4
BRDA:10613,129,0,0
BRF:130
BRH:101
end_of_record
